{"/home/travis/build/npmtest/node-npmtest-voxel-engine/test.js":{"path":"/home/travis/build/npmtest/node-npmtest-voxel-engine/test.js","s":{"1":2,"2":2,"3":2,"4":2,"5":2,"6":2,"7":2,"8":1,"9":2,"10":2,"11":1,"12":1,"13":1,"14":1,"15":2,"16":2,"17":2,"18":2,"19":1,"20":1,"21":2,"22":2,"23":2,"24":1,"25":1,"26":1,"27":1,"28":1,"29":1,"30":1,"31":1,"32":1,"33":1,"34":1,"35":1,"36":1,"37":1,"38":1,"39":2,"40":2,"41":1,"42":2,"43":2,"44":1,"45":2,"46":2,"47":1,"48":2,"49":2,"50":1,"51":1,"52":1,"53":1,"54":1},"b":{"1":[2,1,1,1],"2":[1,1,1,1],"3":[1,1],"4":[1,1],"5":[1,1],"6":[1,1],"7":[1,1],"8":[1,1],"9":[1,1],"10":[1,1,1],"11":[1,1],"12":[1,1],"13":[1,1],"14":[1,1],"15":[1,1],"16":[1,1],"17":[1,1]},"f":{"1":2,"2":2,"3":2,"4":2,"5":2,"6":1,"7":1,"8":1,"9":2,"10":2,"11":2,"12":2,"13":1},"fnMap":{"1":{"name":"(anonymous_1)","line":12,"loc":{"start":{"line":12,"column":1},"end":{"line":12,"column":13}}},"2":{"name":"(anonymous_2)","line":19,"loc":{"start":{"line":19,"column":5},"end":{"line":19,"column":17}}},"3":{"name":"(anonymous_3)","line":23,"loc":{"start":{"line":23,"column":24},"end":{"line":23,"column":36}}},"4":{"name":"(anonymous_4)","line":61,"loc":{"start":{"line":61,"column":5},"end":{"line":61,"column":17}}},"5":{"name":"(anonymous_5)","line":82,"loc":{"start":{"line":82,"column":5},"end":{"line":82,"column":17}}},"6":{"name":"(anonymous_6)","line":91,"loc":{"start":{"line":91,"column":77},"end":{"line":94,"column":10}}},"7":{"name":"(anonymous_7)","line":112,"loc":{"start":{"line":112,"column":83},"end":{"line":115,"column":10}},"skip":true},"8":{"name":"(anonymous_8)","line":123,"loc":{"start":{"line":123,"column":77},"end":{"line":126,"column":10}},"skip":true},"9":{"name":"(anonymous_9)","line":139,"loc":{"start":{"line":139,"column":12},"end":{"line":139,"column":40}},"skip":true},"10":{"name":"(anonymous_10)","line":147,"loc":{"start":{"line":147,"column":77},"end":{"line":150,"column":10}},"skip":true},"11":{"name":"(anonymous_11)","line":158,"loc":{"start":{"line":158,"column":83},"end":{"line":161,"column":10}},"skip":true},"12":{"name":"(anonymous_12)","line":169,"loc":{"start":{"line":169,"column":79},"end":{"line":172,"column":10}},"skip":true},"13":{"name":"(anonymous_13)","line":180,"loc":{"start":{"line":180,"column":75},"end":{"line":183,"column":10}},"skip":true}},"statementMap":{"1":{"start":{"line":12,"column":0},"end":{"line":195,"column":5}},"2":{"start":{"line":14,"column":4},"end":{"line":14,"column":14}},"3":{"start":{"line":19,"column":4},"end":{"line":56,"column":9}},"4":{"start":{"line":21,"column":8},"end":{"line":21,"column":19}},"5":{"start":{"line":23,"column":8},"end":{"line":35,"column":13}},"6":{"start":{"line":24,"column":12},"end":{"line":34,"column":13}},"7":{"start":{"line":25,"column":16},"end":{"line":28,"column":30}},"8":{"start":{"line":30,"column":16},"end":{"line":33,"column":27}},"9":{"start":{"line":37,"column":8},"end":{"line":39,"column":21}},"10":{"start":{"line":40,"column":8},"end":{"line":53,"column":9}},"11":{"start":{"line":43,"column":12},"end":{"line":46,"column":14}},"12":{"start":{"line":47,"column":12},"end":{"line":47,"column":18}},"13":{"start":{"line":50,"column":12},"end":{"line":51,"column":46}},"14":{"start":{"line":52,"column":12},"end":{"line":52,"column":18}},"15":{"start":{"line":55,"column":8},"end":{"line":55,"column":35}},"16":{"start":{"line":61,"column":4},"end":{"line":63,"column":9}},"17":{"start":{"line":62,"column":8},"end":{"line":62,"column":15}},"18":{"start":{"line":64,"column":4},"end":{"line":77,"column":5}},"19":{"start":{"line":70,"column":8},"end":{"line":70,"column":14}},"20":{"start":{"line":76,"column":8},"end":{"line":76,"column":14}},"21":{"start":{"line":82,"column":4},"end":{"line":84,"column":9}},"22":{"start":{"line":83,"column":8},"end":{"line":83,"column":15}},"23":{"start":{"line":85,"column":4},"end":{"line":194,"column":5}},"24":{"start":{"line":91,"column":8},"end":{"line":99,"column":10}},"25":{"start":{"line":98,"column":12},"end":{"line":98,"column":35}},"26":{"start":{"line":102,"column":8},"end":{"line":104,"column":63}},"27":{"start":{"line":105,"column":8},"end":{"line":105,"column":14}},"28":{"start":{"line":112,"column":8},"end":{"line":121,"column":10},"skip":true},"29":{"start":{"line":119,"column":12},"end":{"line":119,"column":55},"skip":true},"30":{"start":{"line":120,"column":12},"end":{"line":120,"column":48},"skip":true},"31":{"start":{"line":123,"column":8},"end":{"line":136,"column":10},"skip":true},"32":{"start":{"line":130,"column":12},"end":{"line":130,"column":76},"skip":true},"33":{"start":{"line":131,"column":12},"end":{"line":131,"column":73},"skip":true},"34":{"start":{"line":132,"column":12},"end":{"line":132,"column":74},"skip":true},"35":{"start":{"line":133,"column":12},"end":{"line":133,"column":79},"skip":true},"36":{"start":{"line":134,"column":12},"end":{"line":134,"column":25},"skip":true},"37":{"start":{"line":135,"column":12},"end":{"line":135,"column":45},"skip":true},"38":{"start":{"line":138,"column":8},"end":{"line":145,"column":14},"skip":true},"39":{"start":{"line":143,"column":16},"end":{"line":143,"column":29},"skip":true},"40":{"start":{"line":144,"column":16},"end":{"line":144,"column":55},"skip":true},"41":{"start":{"line":147,"column":8},"end":{"line":156,"column":10},"skip":true},"42":{"start":{"line":154,"column":12},"end":{"line":154,"column":25},"skip":true},"43":{"start":{"line":155,"column":12},"end":{"line":155,"column":45},"skip":true},"44":{"start":{"line":158,"column":8},"end":{"line":167,"column":10},"skip":true},"45":{"start":{"line":165,"column":12},"end":{"line":165,"column":25},"skip":true},"46":{"start":{"line":166,"column":12},"end":{"line":166,"column":48},"skip":true},"47":{"start":{"line":169,"column":8},"end":{"line":178,"column":10},"skip":true},"48":{"start":{"line":176,"column":12},"end":{"line":176,"column":25},"skip":true},"49":{"start":{"line":177,"column":12},"end":{"line":177,"column":46},"skip":true},"50":{"start":{"line":180,"column":8},"end":{"line":189,"column":10},"skip":true},"51":{"start":{"line":187,"column":12},"end":{"line":187,"column":94},"skip":true},"52":{"start":{"line":188,"column":12},"end":{"line":188,"column":48},"skip":true},"53":{"start":{"line":192,"column":8},"end":{"line":192,"column":35},"skip":true},"54":{"start":{"line":193,"column":8},"end":{"line":193,"column":14},"skip":true}},"branchMap":{"1":{"line":25,"type":"binary-expr","locations":[{"start":{"line":25,"column":23},"end":{"line":25,"column":62}},{"start":{"line":26,"column":20},"end":{"line":26,"column":70}},{"start":{"line":27,"column":20},"end":{"line":27,"column":71}},{"start":{"line":28,"column":20},"end":{"line":28,"column":29}}]},"2":{"line":30,"type":"binary-expr","locations":[{"start":{"line":30,"column":23},"end":{"line":30,"column":37}},{"start":{"line":31,"column":20},"end":{"line":31,"column":61}},{"start":{"line":32,"column":20},"end":{"line":32,"column":70}},{"start":{"line":33,"column":20},"end":{"line":33,"column":26}}]},"3":{"line":37,"type":"cond-expr","locations":[{"start":{"line":38,"column":14},"end":{"line":38,"column":20}},{"start":{"line":39,"column":14},"end":{"line":39,"column":20}}]},"4":{"line":40,"type":"switch","locations":[{"start":{"line":42,"column":8},"end":{"line":47,"column":18}},{"start":{"line":49,"column":8},"end":{"line":52,"column":18}}]},"5":{"line":44,"type":"binary-expr","locations":[{"start":{"line":44,"column":16},"end":{"line":44,"column":44}},{"start":{"line":44,"column":48},"end":{"line":44,"column":66}}]},"6":{"line":50,"type":"binary-expr","locations":[{"start":{"line":50,"column":21},"end":{"line":50,"column":49}},{"start":{"line":50,"column":53},"end":{"line":50,"column":72}}]},"7":{"line":64,"type":"switch","locations":[{"start":{"line":69,"column":4},"end":{"line":70,"column":14}},{"start":{"line":75,"column":4},"end":{"line":76,"column":14}}]},"8":{"line":85,"type":"switch","locations":[{"start":{"line":90,"column":4},"end":{"line":105,"column":14}},{"start":{"line":111,"column":4},"end":{"line":193,"column":14},"skip":true}]},"9":{"line":91,"type":"binary-expr","locations":[{"start":{"line":91,"column":42},"end":{"line":91,"column":73}},{"start":{"line":91,"column":77},"end":{"line":99,"column":9}}]},"10":{"line":102,"type":"binary-expr","locations":[{"start":{"line":102,"column":18},"end":{"line":102,"column":32}},{"start":{"line":103,"column":12},"end":{"line":103,"column":53}},{"start":{"line":104,"column":12},"end":{"line":104,"column":61}}]},"11":{"line":112,"type":"binary-expr","locations":[{"start":{"line":112,"column":45},"end":{"line":112,"column":79},"skip":true},{"start":{"line":112,"column":83},"end":{"line":121,"column":9},"skip":true}]},"12":{"line":123,"type":"binary-expr","locations":[{"start":{"line":123,"column":42},"end":{"line":123,"column":73},"skip":true},{"start":{"line":123,"column":77},"end":{"line":136,"column":9},"skip":true}]},"13":{"line":138,"type":"binary-expr","locations":[{"start":{"line":138,"column":48},"end":{"line":138,"column":85},"skip":true},{"start":{"line":139,"column":12},"end":{"line":145,"column":13},"skip":true}]},"14":{"line":147,"type":"binary-expr","locations":[{"start":{"line":147,"column":42},"end":{"line":147,"column":73},"skip":true},{"start":{"line":147,"column":77},"end":{"line":156,"column":9},"skip":true}]},"15":{"line":158,"type":"binary-expr","locations":[{"start":{"line":158,"column":45},"end":{"line":158,"column":79},"skip":true},{"start":{"line":158,"column":83},"end":{"line":167,"column":9},"skip":true}]},"16":{"line":169,"type":"binary-expr","locations":[{"start":{"line":169,"column":43},"end":{"line":169,"column":75},"skip":true},{"start":{"line":169,"column":79},"end":{"line":178,"column":9},"skip":true}]},"17":{"line":180,"type":"binary-expr","locations":[{"start":{"line":180,"column":41},"end":{"line":180,"column":71},"skip":true},{"start":{"line":180,"column":75},"end":{"line":189,"column":9},"skip":true}]}},"code":["/* istanbul instrument in package npmtest_voxel_engine */","/*jslint","    bitwise: true,","    browser: true,","    maxerr: 8,","    maxlen: 96,","    node: true,","    nomen: true,","    regexp: true,","    stupid: true","*/","(function () {","    'use strict';","    var local;","","","","    // run shared js-env code - pre-init","    (function () {","        // init local","        local = {};","        // init modeJs","        local.modeJs = (function () {","            try {","                return typeof navigator.userAgent === 'string' &&","                    typeof document.querySelector('body') === 'object' &&","                    typeof XMLHttpRequest.prototype.open === 'function' &&","                    'browser';","            } catch (errorCaughtBrowser) {","                return module.exports &&","                    typeof process.versions.node === 'string' &&","                    typeof require('http').createServer === 'function' &&","                    'node';","            }","        }());","        // init global","        local.global = local.modeJs === 'browser'","            ? window","            : global;","        switch (local.modeJs) {","        // re-init local from window.local","        case 'browser':","            local = local.global.utility2.objectSetDefault(","                local.global.utility2_rollup || local.global.local,","                local.global.utility2","            );","            break;","        // re-init local from example.js","        case 'node':","            local = (local.global.utility2_rollup || require('utility2'))","                .requireExampleJsFromReadme();","            break;","        }","        // export local","        local.global.local = local;","    }());","","","","    // run shared js-env code - function","    (function () {","        return;","    }());","    switch (local.modeJs) {","","","","    // run browser js-env code - function","    case 'browser':","        break;","","","","    // run node js-env code - function","    case 'node':","        break;","    }","","","","    // run shared js-env code - post-init","    (function () {","        return;","    }());","    switch (local.modeJs) {","","","","    // run browser js-env code - post-init","    case 'browser':","        local.testCase_browser_nullCase = local.testCase_browser_nullCase || function (","            options,","            onError","        ) {","        /*","         * this function will test browsers's null-case handling-behavior-behavior","         */","            onError(null, options);","        };","","        // run tests","        local.nop(local.modeTest &&","            document.querySelector('#testRunButton1') &&","            document.querySelector('#testRunButton1').click());","        break;","","","","    // run node js-env code - post-init","    /* istanbul ignore next */","    case 'node':","        local.testCase_buildApidoc_default = local.testCase_buildApidoc_default || function (","            options,","            onError","        ) {","        /*","         * this function will test buildApidoc's default handling-behavior-behavior","         */","            options = { modulePathList: module.paths };","            local.buildApidoc(options, onError);","        };","","        local.testCase_buildApp_default = local.testCase_buildApp_default || function (","            options,","            onError","        ) {","        /*","         * this function will test buildApp's default handling-behavior-behavior","         */","            local.testCase_buildReadme_default(options, local.onErrorThrow);","            local.testCase_buildLib_default(options, local.onErrorThrow);","            local.testCase_buildTest_default(options, local.onErrorThrow);","            local.testCase_buildCustomOrg_default(options, local.onErrorThrow);","            options = [];","            local.buildApp(options, onError);","        };","","        local.testCase_buildCustomOrg_default = local.testCase_buildCustomOrg_default ||","            function (options, onError) {","            /*","             * this function will test buildCustomOrg's default handling-behavior","             */","                options = {};","                local.buildCustomOrg(options, onError);","            };","","        local.testCase_buildLib_default = local.testCase_buildLib_default || function (","            options,","            onError","        ) {","        /*","         * this function will test buildLib's default handling-behavior","         */","            options = {};","            local.buildLib(options, onError);","        };","","        local.testCase_buildReadme_default = local.testCase_buildReadme_default || function (","            options,","            onError","        ) {","        /*","         * this function will test buildReadme's default handling-behavior-behavior","         */","            options = {};","            local.buildReadme(options, onError);","        };","","        local.testCase_buildTest_default = local.testCase_buildTest_default || function (","            options,","            onError","        ) {","        /*","         * this function will test buildTest's default handling-behavior","         */","            options = {};","            local.buildTest(options, onError);","        };","","        local.testCase_webpage_default = local.testCase_webpage_default || function (","            options,","            onError","        ) {","        /*","         * this function will test webpage's default handling-behavior","         */","            options = { modeCoverageMerge: true, url: local.serverLocalHost + '?modeTest=1' };","            local.browserTest(options, onError);","        };","","        // run test-server","        local.testRunServer(local);","        break;","    }","}());",""],"l":{"12":2,"14":2,"19":2,"21":2,"23":2,"24":2,"25":2,"30":1,"37":2,"40":2,"43":1,"47":1,"50":1,"52":1,"55":2,"61":2,"62":2,"64":2,"70":1,"76":1,"82":2,"83":2,"85":2,"91":1,"98":1,"102":1,"105":1,"112":1,"119":1,"120":1,"123":1,"130":1,"131":1,"132":1,"133":1,"134":1,"135":1,"138":1,"143":2,"144":2,"147":1,"154":2,"155":2,"158":1,"165":2,"166":2,"169":1,"176":2,"177":2,"180":1,"187":1,"188":1,"192":1,"193":1}},"/home/travis/build/npmtest/node-npmtest-voxel-engine/lib.npmtest_voxel_engine.js":{"path":"/home/travis/build/npmtest/node-npmtest-voxel-engine/lib.npmtest_voxel_engine.js","s":{"1":2,"2":2,"3":2,"4":2,"5":2,"6":2,"7":2,"8":1,"9":2,"10":2,"11":2,"12":2,"13":1,"14":1,"15":1,"16":1},"b":{"1":[2,1,1,1],"2":[1,1,1,1],"3":[1,1],"4":[2,2],"5":[1,1]},"f":{"1":2,"2":2,"3":2},"fnMap":{"1":{"name":"(anonymous_1)","line":12,"loc":{"start":{"line":12,"column":1},"end":{"line":12,"column":13}}},"2":{"name":"(anonymous_2)","line":19,"loc":{"start":{"line":19,"column":5},"end":{"line":19,"column":17}}},"3":{"name":"(anonymous_3)","line":23,"loc":{"start":{"line":23,"column":24},"end":{"line":23,"column":36}}}},"statementMap":{"1":{"start":{"line":12,"column":0},"end":{"line":53,"column":5}},"2":{"start":{"line":14,"column":4},"end":{"line":14,"column":14}},"3":{"start":{"line":19,"column":4},"end":{"line":52,"column":9}},"4":{"start":{"line":21,"column":8},"end":{"line":21,"column":19}},"5":{"start":{"line":23,"column":8},"end":{"line":35,"column":13}},"6":{"start":{"line":24,"column":12},"end":{"line":34,"column":13}},"7":{"start":{"line":25,"column":16},"end":{"line":28,"column":30}},"8":{"start":{"line":30,"column":16},"end":{"line":33,"column":27}},"9":{"start":{"line":37,"column":8},"end":{"line":39,"column":21}},"10":{"start":{"line":41,"column":8},"end":{"line":41,"column":54}},"11":{"start":{"line":43,"column":8},"end":{"line":43,"column":57}},"12":{"start":{"line":45,"column":8},"end":{"line":51,"column":9}},"13":{"start":{"line":46,"column":12},"end":{"line":46,"column":63}},"14":{"start":{"line":48,"column":12},"end":{"line":48,"column":35}},"15":{"start":{"line":49,"column":12},"end":{"line":49,"column":49}},"16":{"start":{"line":50,"column":12},"end":{"line":50,"column":43}}},"branchMap":{"1":{"line":25,"type":"binary-expr","locations":[{"start":{"line":25,"column":23},"end":{"line":25,"column":62}},{"start":{"line":26,"column":20},"end":{"line":26,"column":70}},{"start":{"line":27,"column":20},"end":{"line":27,"column":71}},{"start":{"line":28,"column":20},"end":{"line":28,"column":29}}]},"2":{"line":30,"type":"binary-expr","locations":[{"start":{"line":30,"column":23},"end":{"line":30,"column":37}},{"start":{"line":31,"column":20},"end":{"line":31,"column":61}},{"start":{"line":32,"column":20},"end":{"line":32,"column":70}},{"start":{"line":33,"column":20},"end":{"line":33,"column":26}}]},"3":{"line":37,"type":"cond-expr","locations":[{"start":{"line":38,"column":14},"end":{"line":38,"column":20}},{"start":{"line":39,"column":14},"end":{"line":39,"column":20}}]},"4":{"line":41,"type":"binary-expr","locations":[{"start":{"line":41,"column":16},"end":{"line":41,"column":44}},{"start":{"line":41,"column":48},"end":{"line":41,"column":53}}]},"5":{"line":45,"type":"if","locations":[{"start":{"line":45,"column":8},"end":{"line":45,"column":8}},{"start":{"line":45,"column":8},"end":{"line":45,"column":8}}]}},"code":["/* istanbul instrument in package npmtest_voxel_engine */","/*jslint","    bitwise: true,","    browser: true,","    maxerr: 8,","    maxlen: 96,","    node: true,","    nomen: true,","    regexp: true,","    stupid: true","*/","(function () {","    'use strict';","    var local;","","","","    // run shared js-env code - pre-init","    (function () {","        // init local","        local = {};","        // init modeJs","        local.modeJs = (function () {","            try {","                return typeof navigator.userAgent === 'string' &&","                    typeof document.querySelector('body') === 'object' &&","                    typeof XMLHttpRequest.prototype.open === 'function' &&","                    'browser';","            } catch (errorCaughtBrowser) {","                return module.exports &&","                    typeof process.versions.node === 'string' &&","                    typeof require('http').createServer === 'function' &&","                    'node';","            }","        }());","        // init global","        local.global = local.modeJs === 'browser'","            ? window","            : global;","        // init utility2_rollup","        local = local.global.utility2_rollup || local;","        // init lib","        local.local = local.npmtest_voxel_engine = local;","        // init exports","        if (local.modeJs === 'browser') {","            local.global.utility2_npmtest_voxel_engine = local;","        } else {","            module.exports = local;","            module.exports.__dirname = __dirname;","            module.exports.module = module;","        }","    }());","}());",""],"l":{"12":2,"14":2,"19":2,"21":2,"23":2,"24":2,"25":2,"30":1,"37":2,"41":2,"43":2,"45":2,"46":1,"48":1,"49":1,"50":1}},"/home/travis/build/npmtest/node-npmtest-voxel-engine/example.js":{"path":"/home/travis/build/npmtest/node-npmtest-voxel-engine/example.js","s":{"1":2,"2":2,"3":2,"4":2,"5":2,"6":2,"7":2,"8":1,"9":2,"10":2,"11":2,"12":2,"13":1,"14":2,"15":2,"16":2,"17":2,"18":2,"19":0,"20":2,"21":1,"22":1,"23":1,"24":1,"25":1,"26":0,"27":0,"28":1,"29":1,"30":2,"31":0,"32":0,"33":0,"34":1,"35":2,"36":2,"37":3,"38":3,"39":3,"40":3,"41":0,"42":3,"43":3,"44":3,"45":1,"46":3,"47":1,"48":1,"49":1,"50":1,"51":1,"52":1,"53":1,"54":1,"55":1,"56":1,"57":0,"58":1,"59":6,"60":6,"61":1,"62":2,"63":0,"64":2,"65":1,"66":1,"67":0,"68":0,"69":0,"70":0,"71":0,"72":0,"73":0,"74":0,"75":0,"76":0,"77":0,"78":0,"79":0,"80":0,"81":0,"82":0,"83":0},"b":{"1":[2,1,1,1],"2":[1,1,1,1],"3":[1,1],"4":[2,2],"5":[1,1],"6":[1,1],"7":[2,0],"8":[2,1,1,1,1,1],"9":[0,2,0],"10":[1,1],"11":[2,1,1],"12":[1,0],"13":[0,2],"14":[2,0,0,0,0,0,0],"15":[0,3],"16":[3,0],"17":[1,1],"18":[0,1],"19":[1,2,0,2],"20":[1,0],"21":[1,1],"22":[0,0],"23":[0,0],"24":[0,0],"25":[0,0],"26":[0,0],"27":[0,0],"28":[0,0]},"f":{"1":2,"2":2,"3":2,"4":2,"5":2,"6":2,"7":3,"8":3,"9":3,"10":1,"11":6,"12":0},"fnMap":{"1":{"name":"(anonymous_1)","line":26,"loc":{"start":{"line":26,"column":1},"end":{"line":26,"column":13}}},"2":{"name":"(anonymous_2)","line":33,"loc":{"start":{"line":33,"column":5},"end":{"line":33,"column":17}}},"3":{"name":"(anonymous_3)","line":37,"loc":{"start":{"line":37,"column":24},"end":{"line":37,"column":36}}},"4":{"name":"(anonymous_4)","line":69,"loc":{"start":{"line":69,"column":31},"end":{"line":69,"column":48}},"skip":true},"5":{"name":"(anonymous_5)","line":78,"loc":{"start":{"line":78,"column":26},"end":{"line":78,"column":45}},"skip":true},"6":{"name":"(anonymous_6)","line":123,"loc":{"start":{"line":123,"column":33},"end":{"line":123,"column":48}},"skip":true},"7":{"name":"(anonymous_7)","line":125,"loc":{"start":{"line":125,"column":27},"end":{"line":125,"column":39}},"skip":true},"8":{"name":"(anonymous_8)","line":133,"loc":{"start":{"line":133,"column":59},"end":{"line":133,"column":74}},"skip":true},"9":{"name":"(anonymous_9)","line":143,"loc":{"start":{"line":143,"column":45},"end":{"line":143,"column":62}},"skip":true},"10":{"name":"(anonymous_10)","line":144,"loc":{"start":{"line":144,"column":73},"end":{"line":144,"column":92}},"skip":true},"11":{"name":"(anonymous_11)","line":272,"loc":{"start":{"line":272,"column":51},"end":{"line":272,"column":77}},"skip":true},"12":{"name":"(anonymous_12)","line":315,"loc":{"start":{"line":315,"column":32},"end":{"line":315,"column":61}},"skip":true}},"statementMap":{"1":{"start":{"line":26,"column":0},"end":{"line":326,"column":5}},"2":{"start":{"line":28,"column":4},"end":{"line":28,"column":14}},"3":{"start":{"line":33,"column":4},"end":{"line":60,"column":9}},"4":{"start":{"line":35,"column":8},"end":{"line":35,"column":19}},"5":{"start":{"line":37,"column":8},"end":{"line":49,"column":13}},"6":{"start":{"line":38,"column":12},"end":{"line":48,"column":13}},"7":{"start":{"line":39,"column":16},"end":{"line":42,"column":30}},"8":{"start":{"line":44,"column":16},"end":{"line":47,"column":27}},"9":{"start":{"line":51,"column":8},"end":{"line":53,"column":21}},"10":{"start":{"line":55,"column":8},"end":{"line":57,"column":45}},"11":{"start":{"line":59,"column":8},"end":{"line":59,"column":35}},"12":{"start":{"line":61,"column":4},"end":{"line":325,"column":5}},"13":{"start":{"line":69,"column":8},"end":{"line":121,"column":10},"skip":true},"14":{"start":{"line":70,"column":12},"end":{"line":88,"column":13},"skip":true},"15":{"start":{"line":76,"column":16},"end":{"line":87,"column":19},"skip":true},"16":{"start":{"line":79,"column":20},"end":{"line":86,"column":21},"skip":true},"17":{"start":{"line":82,"column":24},"end":{"line":82,"column":43},"skip":true},"18":{"start":{"line":83,"column":24},"end":{"line":83,"column":30},"skip":true},"19":{"start":{"line":85,"column":24},"end":{"line":85,"column":49},"skip":true},"20":{"start":{"line":89,"column":12},"end":{"line":107,"column":13},"skip":true},"21":{"start":{"line":92,"column":16},"end":{"line":102,"column":17},"skip":true},"22":{"start":{"line":93,"column":20},"end":{"line":93,"column":86},"skip":true},"23":{"start":{"line":94,"column":20},"end":{"line":95,"column":45},"skip":true},"24":{"start":{"line":96,"column":20},"end":{"line":96,"column":42},"skip":true},"25":{"start":{"line":97,"column":20},"end":{"line":97,"column":48},"skip":true},"26":{"start":{"line":100,"column":20},"end":{"line":100,"column":85},"skip":true},"27":{"start":{"line":101,"column":20},"end":{"line":101,"column":96},"skip":true},"28":{"start":{"line":103,"column":16},"end":{"line":103,"column":22},"skip":true},"29":{"start":{"line":106,"column":16},"end":{"line":106,"column":22},"skip":true},"30":{"start":{"line":108,"column":12},"end":{"line":120,"column":13},"skip":true},"31":{"start":{"line":114,"column":16},"end":{"line":119,"column":17},"skip":true},"32":{"start":{"line":116,"column":20},"end":{"line":116,"column":78},"skip":true},"33":{"start":{"line":118,"column":20},"end":{"line":118,"column":47},"skip":true},"34":{"start":{"line":123,"column":8},"end":{"line":141,"column":11},"skip":true},"35":{"start":{"line":124,"column":12},"end":{"line":124,"column":54},"skip":true},"36":{"start":{"line":125,"column":12},"end":{"line":140,"column":14},"skip":true},"37":{"start":{"line":126,"column":16},"end":{"line":126,"column":28},"skip":true},"38":{"start":{"line":127,"column":16},"end":{"line":127,"column":69},"skip":true},"39":{"start":{"line":128,"column":16},"end":{"line":128,"column":75},"skip":true},"40":{"start":{"line":129,"column":16},"end":{"line":131,"column":17},"skip":true},"41":{"start":{"line":130,"column":20},"end":{"line":130,"column":27},"skip":true},"42":{"start":{"line":133,"column":16},"end":{"line":137,"column":36},"skip":true},"43":{"start":{"line":134,"column":20},"end":{"line":136,"column":55},"skip":true},"44":{"start":{"line":139,"column":16},"end":{"line":139,"column":57},"skip":true},"45":{"start":{"line":143,"column":8},"end":{"line":147,"column":11},"skip":true},"46":{"start":{"line":144,"column":12},"end":{"line":146,"column":15},"skip":true},"47":{"start":{"line":145,"column":16},"end":{"line":145,"column":70},"skip":true},"48":{"start":{"line":149,"column":8},"end":{"line":149,"column":31},"skip":true},"49":{"start":{"line":150,"column":8},"end":{"line":150,"column":14},"skip":true},"50":{"start":{"line":158,"column":8},"end":{"line":158,"column":31},"skip":true},"51":{"start":{"line":160,"column":8},"end":{"line":160,"column":33},"skip":true},"52":{"start":{"line":161,"column":8},"end":{"line":161,"column":37},"skip":true},"53":{"start":{"line":162,"column":8},"end":{"line":162,"column":35},"skip":true},"54":{"start":{"line":164,"column":8},"end":{"line":164,"column":50},"skip":true},"55":{"start":{"line":166,"column":8},"end":{"line":256,"column":2},"skip":true},"56":{"start":{"line":258,"column":8},"end":{"line":286,"column":9},"skip":true},"57":{"start":{"line":259,"column":12},"end":{"line":269,"column":14},"skip":true},"58":{"start":{"line":271,"column":12},"end":{"line":285,"column":19},"skip":true},"59":{"start":{"line":274,"column":20},"end":{"line":274,"column":35},"skip":true},"60":{"start":{"line":275,"column":20},"end":{"line":284,"column":21},"skip":true},"61":{"start":{"line":277,"column":24},"end":{"line":277,"column":64},"skip":true},"62":{"start":{"line":279,"column":24},"end":{"line":279,"column":40},"skip":true},"63":{"start":{"line":281,"column":24},"end":{"line":281,"column":40},"skip":true},"64":{"start":{"line":283,"column":24},"end":{"line":283,"column":39},"skip":true},"65":{"start":{"line":288,"column":8},"end":{"line":290,"column":9},"skip":true},"66":{"start":{"line":289,"column":12},"end":{"line":289,"column":18},"skip":true},"67":{"start":{"line":291,"column":8},"end":{"line":293,"column":54},"skip":true},"68":{"start":{"line":296,"column":8},"end":{"line":301,"column":37},"skip":true},"69":{"start":{"line":303,"column":8},"end":{"line":303,"column":82},"skip":true},"70":{"start":{"line":306,"column":8},"end":{"line":308,"column":9},"skip":true},"71":{"start":{"line":307,"column":12},"end":{"line":307,"column":82},"skip":true},"72":{"start":{"line":310,"column":8},"end":{"line":312,"column":9},"skip":true},"73":{"start":{"line":311,"column":12},"end":{"line":311,"column":18},"skip":true},"74":{"start":{"line":313,"column":8},"end":{"line":313,"column":54},"skip":true},"75":{"start":{"line":314,"column":8},"end":{"line":314,"column":69},"skip":true},"76":{"start":{"line":315,"column":8},"end":{"line":323,"column":36},"skip":true},"77":{"start":{"line":316,"column":12},"end":{"line":316,"column":61},"skip":true},"78":{"start":{"line":317,"column":12},"end":{"line":320,"column":13},"skip":true},"79":{"start":{"line":318,"column":16},"end":{"line":318,"column":75},"skip":true},"80":{"start":{"line":319,"column":16},"end":{"line":319,"column":23},"skip":true},"81":{"start":{"line":321,"column":12},"end":{"line":321,"column":38},"skip":true},"82":{"start":{"line":322,"column":12},"end":{"line":322,"column":27},"skip":true},"83":{"start":{"line":324,"column":8},"end":{"line":324,"column":14},"skip":true}},"branchMap":{"1":{"line":39,"type":"binary-expr","locations":[{"start":{"line":39,"column":23},"end":{"line":39,"column":62}},{"start":{"line":40,"column":20},"end":{"line":40,"column":70}},{"start":{"line":41,"column":20},"end":{"line":41,"column":71}},{"start":{"line":42,"column":20},"end":{"line":42,"column":29}}]},"2":{"line":44,"type":"binary-expr","locations":[{"start":{"line":44,"column":23},"end":{"line":44,"column":37}},{"start":{"line":45,"column":20},"end":{"line":45,"column":61}},{"start":{"line":46,"column":20},"end":{"line":46,"column":70}},{"start":{"line":47,"column":20},"end":{"line":47,"column":26}}]},"3":{"line":51,"type":"cond-expr","locations":[{"start":{"line":52,"column":14},"end":{"line":52,"column":20}},{"start":{"line":53,"column":14},"end":{"line":53,"column":20}}]},"4":{"line":55,"type":"binary-expr","locations":[{"start":{"line":55,"column":16},"end":{"line":55,"column":44}},{"start":{"line":55,"column":49},"end":{"line":57,"column":43}}]},"5":{"line":55,"type":"cond-expr","locations":[{"start":{"line":56,"column":14},"end":{"line":56,"column":56}},{"start":{"line":57,"column":14},"end":{"line":57,"column":43}}]},"6":{"line":61,"type":"switch","locations":[{"start":{"line":68,"column":4},"end":{"line":150,"column":14},"skip":true},{"start":{"line":156,"column":4},"end":{"line":324,"column":14},"skip":true}]},"7":{"line":70,"type":"if","locations":[{"start":{"line":70,"column":12},"end":{"line":70,"column":12},"skip":true},{"start":{"line":70,"column":12},"end":{"line":70,"column":12},"skip":true}]},"8":{"line":70,"type":"binary-expr","locations":[{"start":{"line":70,"column":16},"end":{"line":70,"column":22},"skip":true},{"start":{"line":70,"column":27},"end":{"line":70,"column":32},"skip":true},{"start":{"line":71,"column":20},"end":{"line":71,"column":39},"skip":true},{"start":{"line":72,"column":20},"end":{"line":72,"column":49},"skip":true},{"start":{"line":73,"column":20},"end":{"line":73,"column":58},"skip":true},{"start":{"line":74,"column":20},"end":{"line":74,"column":69},"skip":true}]},"9":{"line":79,"type":"switch","locations":[{"start":{"line":80,"column":20},"end":{"line":80,"column":33},"skip":true},{"start":{"line":81,"column":20},"end":{"line":83,"column":30},"skip":true},{"start":{"line":84,"column":20},"end":{"line":85,"column":49},"skip":true}]},"10":{"line":89,"type":"switch","locations":[{"start":{"line":90,"column":12},"end":{"line":103,"column":22},"skip":true},{"start":{"line":105,"column":12},"end":{"line":106,"column":22},"skip":true}]},"11":{"line":89,"type":"binary-expr","locations":[{"start":{"line":89,"column":20},"end":{"line":89,"column":25},"skip":true},{"start":{"line":89,"column":29},"end":{"line":89,"column":48},"skip":true},{"start":{"line":89,"column":52},"end":{"line":89,"column":74},"skip":true}]},"12":{"line":92,"type":"if","locations":[{"start":{"line":92,"column":16},"end":{"line":92,"column":16},"skip":true},{"start":{"line":92,"column":16},"end":{"line":92,"column":16},"skip":true}]},"13":{"line":108,"type":"if","locations":[{"start":{"line":108,"column":12},"end":{"line":108,"column":12},"skip":true},{"start":{"line":108,"column":12},"end":{"line":108,"column":12},"skip":true}]},"14":{"line":108,"type":"binary-expr","locations":[{"start":{"line":108,"column":16},"end":{"line":108,"column":61},"skip":true},{"start":{"line":108,"column":66},"end":{"line":108,"column":72},"skip":true},{"start":{"line":108,"column":77},"end":{"line":108,"column":82},"skip":true},{"start":{"line":109,"column":20},"end":{"line":109,"column":39},"skip":true},{"start":{"line":110,"column":20},"end":{"line":110,"column":49},"skip":true},{"start":{"line":111,"column":20},"end":{"line":111,"column":58},"skip":true},{"start":{"line":112,"column":20},"end":{"line":112,"column":68},"skip":true}]},"15":{"line":129,"type":"if","locations":[{"start":{"line":129,"column":16},"end":{"line":129,"column":16},"skip":true},{"start":{"line":129,"column":16},"end":{"line":129,"column":16},"skip":true}]},"16":{"line":134,"type":"cond-expr","locations":[{"start":{"line":135,"column":26},"end":{"line":135,"column":29},"skip":true},{"start":{"line":136,"column":26},"end":{"line":136,"column":54},"skip":true}]},"17":{"line":164,"type":"binary-expr","locations":[{"start":{"line":164,"column":27},"end":{"line":164,"column":43},"skip":true},{"start":{"line":164,"column":47},"end":{"line":164,"column":49},"skip":true}]},"18":{"line":258,"type":"if","locations":[{"start":{"line":258,"column":8},"end":{"line":258,"column":8},"skip":true},{"start":{"line":258,"column":8},"end":{"line":258,"column":8},"skip":true}]},"19":{"line":275,"type":"switch","locations":[{"start":{"line":276,"column":20},"end":{"line":277,"column":64},"skip":true},{"start":{"line":278,"column":20},"end":{"line":279,"column":40},"skip":true},{"start":{"line":280,"column":20},"end":{"line":281,"column":40},"skip":true},{"start":{"line":282,"column":20},"end":{"line":283,"column":39},"skip":true}]},"20":{"line":288,"type":"if","locations":[{"start":{"line":288,"column":8},"end":{"line":288,"column":8},"skip":true},{"start":{"line":288,"column":8},"end":{"line":288,"column":8},"skip":true}]},"21":{"line":288,"type":"binary-expr","locations":[{"start":{"line":288,"column":12},"end":{"line":288,"column":40},"skip":true},{"start":{"line":288,"column":44},"end":{"line":288,"column":67},"skip":true}]},"22":{"line":292,"type":"binary-expr","locations":[{"start":{"line":292,"column":12},"end":{"line":292,"column":50},"skip":true},{"start":{"line":293,"column":12},"end":{"line":293,"column":53},"skip":true}]},"23":{"line":297,"type":"binary-expr","locations":[{"start":{"line":297,"column":12},"end":{"line":297,"column":70},"skip":true},{"start":{"line":298,"column":12},"end":{"line":301,"column":36},"skip":true}]},"24":{"line":303,"type":"binary-expr","locations":[{"start":{"line":303,"column":43},"end":{"line":303,"column":75},"skip":true},{"start":{"line":303,"column":79},"end":{"line":303,"column":81},"skip":true}]},"25":{"line":306,"type":"if","locations":[{"start":{"line":306,"column":8},"end":{"line":306,"column":8},"skip":true},{"start":{"line":306,"column":8},"end":{"line":306,"column":8},"skip":true}]},"26":{"line":310,"type":"if","locations":[{"start":{"line":310,"column":8},"end":{"line":310,"column":8},"skip":true},{"start":{"line":310,"column":8},"end":{"line":310,"column":8},"skip":true}]},"27":{"line":313,"type":"binary-expr","locations":[{"start":{"line":313,"column":27},"end":{"line":313,"column":43},"skip":true},{"start":{"line":313,"column":47},"end":{"line":313,"column":53},"skip":true}]},"28":{"line":317,"type":"if","locations":[{"start":{"line":317,"column":12},"end":{"line":317,"column":12},"skip":true},{"start":{"line":317,"column":12},"end":{"line":317,"column":12},"skip":true}]}},"code":["/*","example.js","","quickstart example","","instruction","    1. save this script as example.js","    2. run the shell command:","        $ npm install npmtest-voxel-engine && PORT=8081 node example.js","    3. play with the browser-demo on http://127.0.0.1:8081","*/","","","","/* istanbul instrument in package npmtest_voxel_engine */","/*jslint","    bitwise: true,","    browser: true,","    maxerr: 8,","    maxlen: 96,","    node: true,","    nomen: true,","    regexp: true,","    stupid: true","*/","(function () {","    'use strict';","    var local;","","","","    // run shared js-env code - pre-init","    (function () {","        // init local","        local = {};","        // init modeJs","        local.modeJs = (function () {","            try {","                return typeof navigator.userAgent === 'string' &&","                    typeof document.querySelector('body') === 'object' &&","                    typeof XMLHttpRequest.prototype.open === 'function' &&","                    'browser';","            } catch (errorCaughtBrowser) {","                return module.exports &&","                    typeof process.versions.node === 'string' &&","                    typeof require('http').createServer === 'function' &&","                    'node';","            }","        }());","        // init global","        local.global = local.modeJs === 'browser'","            ? window","            : global;","        // init utility2_rollup","        local = local.global.utility2_rollup || (local.modeJs === 'browser'","            ? local.global.utility2_npmtest_voxel_engine","            : global.utility2_moduleExports);","        // export local","        local.global.local = local;","    }());","    switch (local.modeJs) {","","","","    // post-init","    // run browser js-env code - post-init","    /* istanbul ignore next */","    case 'browser':","        local.testRunBrowser = function (event) {","            if (!event || (event &&","                    event.currentTarget &&","                    event.currentTarget.className &&","                    event.currentTarget.className.includes &&","                    event.currentTarget.className.includes('onreset'))) {","                // reset output","                Array.from(","                    document.querySelectorAll('body > .resettable')","                ).forEach(function (element) {","                    switch (element.tagName) {","                    case 'INPUT':","                    case 'TEXTAREA':","                        element.value = '';","                        break;","                    default:","                        element.textContent = '';","                    }","                });","            }","            switch (event && event.currentTarget && event.currentTarget.id) {","            case 'testRunButton1':","                // show tests","                if (document.querySelector('#testReportDiv1').style.display === 'none') {","                    document.querySelector('#testReportDiv1').style.display = 'block';","                    document.querySelector('#testRunButton1').textContent =","                        'hide internal test';","                    local.modeTest = true;","                    local.testRunDefault(local);","                // hide tests","                } else {","                    document.querySelector('#testReportDiv1').style.display = 'none';","                    document.querySelector('#testRunButton1').textContent = 'run internal test';","                }","                break;","            // custom-case","            default:","                break;","            }","            if (document.querySelector('#inputTextareaEval1') && (!event || (event &&","                    event.currentTarget &&","                    event.currentTarget.className &&","                    event.currentTarget.className.includes &&","                    event.currentTarget.className.includes('oneval')))) {","                // try to eval input-code","                try {","                    /*jslint evil: true*/","                    eval(document.querySelector('#inputTextareaEval1').value);","                } catch (errorCaught) {","                    console.error(errorCaught);","                }","            }","        };","        // log stderr and stdout to #outputTextareaStdout1","        ['error', 'log'].forEach(function (key) {","            console[key + '_original'] = console[key];","            console[key] = function () {","                var element;","                console[key + '_original'].apply(console, arguments);","                element = document.querySelector('#outputTextareaStdout1');","                if (!element) {","                    return;","                }","                // append text to #outputTextareaStdout1","                element.value += Array.from(arguments).map(function (arg) {","                    return typeof arg === 'string'","                        ? arg","                        : JSON.stringify(arg, null, 4);","                }).join(' ') + '\\n';","                // scroll textarea to bottom","                element.scrollTop = element.scrollHeight;","            };","        });","        // init event-handling","        ['change', 'click', 'keyup'].forEach(function (event) {","            Array.from(document.querySelectorAll('.on' + event)).forEach(function (element) {","                element.addEventListener(event, local.testRunBrowser);","            });","        });","        // run tests","        local.testRunBrowser();","        break;","","","","    // run node js-env code - post-init","    /* istanbul ignore next */","    case 'node':","        // export local","        module.exports = local;","        // require modules","        local.fs = require('fs');","        local.http = require('http');","        local.url = require('url');","        // init assets","        local.assetsDict = local.assetsDict || {};","        /* jslint-ignore-begin */","        local.assetsDict['/assets.index.template.html'] = '\\","<!doctype html>\\n\\","<html lang=\"en\">\\n\\","<head>\\n\\","<meta charset=\"UTF-8\">\\n\\","<meta name=\"viewport\" content=\"width=device-width, initial-scale=1\">\\n\\","<title>{{env.npm_package_name}} (v{{env.npm_package_version}})</title>\\n\\","<style>\\n\\","/*csslint\\n\\","    box-sizing: false,\\n\\","    universal-selector: false\\n\\","*/\\n\\","* {\\n\\","    box-sizing: border-box;\\n\\","}\\n\\","body {\\n\\","    background: #dde;\\n\\","    font-family: Arial, Helvetica, sans-serif;\\n\\","    margin: 2rem;\\n\\","}\\n\\","body > * {\\n\\","    margin-bottom: 1rem;\\n\\","}\\n\\",".utility2FooterDiv {\\n\\","    margin-top: 20px;\\n\\","    text-align: center;\\n\\","}\\n\\","</style>\\n\\","<style>\\n\\","/*csslint\\n\\","*/\\n\\","textarea {\\n\\","    font-family: monospace;\\n\\","    height: 10rem;\\n\\","    width: 100%;\\n\\","}\\n\\","textarea[readonly] {\\n\\","    background: #ddd;\\n\\","}\\n\\","</style>\\n\\","</head>\\n\\","<body>\\n\\","<!-- utility2-comment\\n\\","<div id=\"ajaxProgressDiv1\" style=\"background: #d00; height: 2px; left: 0; margin: 0; padding: 0; position: fixed; top: 0; transition: background 0.5s, width 1.5s; width: 25%;\"></div>\\n\\","utility2-comment -->\\n\\","<h1>\\n\\","<!-- utility2-comment\\n\\","    <a\\n\\","        {{#if env.npm_package_homepage}}\\n\\","        href=\"{{env.npm_package_homepage}}\"\\n\\","        {{/if env.npm_package_homepage}}\\n\\","        target=\"_blank\"\\n\\","    >\\n\\","utility2-comment -->\\n\\","        {{env.npm_package_name}} (v{{env.npm_package_version}})\\n\\","<!-- utility2-comment\\n\\","    </a>\\n\\","utility2-comment -->\\n\\","</h1>\\n\\","<h3>{{env.npm_package_description}}</h3>\\n\\","<!-- utility2-comment\\n\\","<h4><a download href=\"assets.app.js\">download standalone app</a></h4>\\n\\","<button class=\"onclick onreset\" id=\"testRunButton1\">run internal test</button><br>\\n\\","<div id=\"testReportDiv1\" style=\"display: none;\"></div>\\n\\","utility2-comment -->\\n\\","\\n\\","\\n\\","\\n\\","<label>stderr and stdout</label>\\n\\","<textarea class=\"resettable\" id=\"outputTextareaStdout1\" readonly></textarea>\\n\\","<!-- utility2-comment\\n\\","{{#if isRollup}}\\n\\","<script src=\"assets.app.js\"></script>\\n\\","{{#unless isRollup}}\\n\\","utility2-comment -->\\n\\","<script src=\"assets.utility2.rollup.js\"></script>\\n\\","<script src=\"jsonp.utility2._stateInit?callback=window.utility2._stateInit\"></script>\\n\\","<script src=\"assets.npmtest_voxel_engine.rollup.js\"></script>\\n\\","<script src=\"assets.example.js\"></script>\\n\\","<script src=\"assets.test.js\"></script>\\n\\","<!-- utility2-comment\\n\\","{{/if isRollup}}\\n\\","utility2-comment -->\\n\\","<div class=\"utility2FooterDiv\">\\n\\","    [ this app was created with\\n\\","    <a href=\"https://github.com/kaizhu256/node-utility2\" target=\"_blank\">utility2</a>\\n\\","    ]\\n\\","</div>\\n\\","</body>\\n\\","</html>\\n\\","';","        /* jslint-ignore-end */","        if (local.templateRender) {","            local.assetsDict['/'] = local.templateRender(","                local.assetsDict['/assets.index.template.html'],","                {","                    env: local.objectSetDefault(local.env, {","                        npm_package_description: 'the greatest app in the world!',","                        npm_package_name: 'my-app',","                        npm_package_nameAlias: 'my_app',","                        npm_package_version: '0.0.1'","                    })","                }","            );","        } else {","            local.assetsDict['/'] = local.assetsDict['/assets.index.template.html']","                .replace((/\\{\\{env\\.(\\w+?)\\}\\}/g), function (match0, match1) {","                    // jslint-hack","                    String(match0);","                    switch (match1) {","                    case 'npm_package_description':","                        return 'the greatest app in the world!';","                    case 'npm_package_name':","                        return 'my-app';","                    case 'npm_package_nameAlias':","                        return 'my_app';","                    case 'npm_package_version':","                        return '0.0.1';","                    }","                });","        }","        // run the cli","        if (local.global.utility2_rollup || module !== require.main) {","            break;","        }","        local.assetsDict['/assets.example.js'] =","            local.assetsDict['/assets.example.js'] ||","            local.fs.readFileSync(__filename, 'utf8');","        // bug-workaround - long $npm_package_buildCustomOrg","        /* jslint-ignore-begin */","        local.assetsDict['/assets.npmtest_voxel_engine.rollup.js'] =","            local.assetsDict['/assets.npmtest_voxel_engine.rollup.js'] ||","            local.fs.readFileSync(","                local.npmtest_voxel_engine.__dirname + '/lib.npmtest_voxel_engine.js',","                'utf8'","            ).replace((/^#!/), '//');","        /* jslint-ignore-end */","        local.assetsDict['/favicon.ico'] = local.assetsDict['/favicon.ico'] || '';","        // if $npm_config_timeout_exit exists,","        // then exit this process after $npm_config_timeout_exit ms","        if (Number(process.env.npm_config_timeout_exit)) {","            setTimeout(process.exit, Number(process.env.npm_config_timeout_exit));","        }","        // start server","        if (local.global.utility2_serverHttp1) {","            break;","        }","        process.env.PORT = process.env.PORT || '8081';","        console.error('server starting on port ' + process.env.PORT);","        local.http.createServer(function (request, response) {","            request.urlParsed = local.url.parse(request.url);","            if (local.assetsDict[request.urlParsed.pathname] !== undefined) {","                response.end(local.assetsDict[request.urlParsed.pathname]);","                return;","            }","            response.statusCode = 404;","            response.end();","        }).listen(process.env.PORT);","        break;","    }","}());",""],"l":{"26":2,"28":2,"33":2,"35":2,"37":2,"38":2,"39":2,"44":1,"51":2,"55":2,"59":2,"61":2,"69":1,"70":2,"76":2,"79":2,"82":2,"83":2,"85":1,"89":2,"92":1,"93":1,"94":1,"96":1,"97":1,"100":1,"101":1,"103":1,"106":1,"108":2,"114":1,"116":1,"118":1,"123":1,"124":2,"125":2,"126":3,"127":3,"128":3,"129":3,"130":1,"133":3,"134":3,"139":3,"143":1,"144":3,"145":1,"149":1,"150":1,"158":1,"160":1,"161":1,"162":1,"164":1,"166":1,"258":1,"259":1,"271":1,"274":6,"275":6,"277":1,"279":2,"281":1,"283":2,"288":1,"289":1,"291":1,"296":1,"303":1,"306":1,"307":1,"310":1,"311":1,"313":1,"314":1,"315":1,"316":1,"317":1,"318":1,"319":1,"321":1,"322":1,"324":1}},"/home/travis/build/npmtest/node-npmtest-voxel-engine/node_modules/voxel-engine/index.js":{"path":"/home/travis/build/npmtest/node-npmtest-voxel-engine/node_modules/voxel-engine/index.js","s":{"1":1,"2":1,"3":1,"4":1,"5":1,"6":1,"7":1,"8":1,"9":1,"10":1,"11":1,"12":1,"13":1,"14":0,"15":1,"16":1,"17":1,"18":1,"19":1,"20":1,"21":1,"22":1,"23":1,"24":1,"25":1,"26":1,"27":1,"28":0,"29":0,"30":0,"31":0,"32":0,"33":0,"34":0,"35":0,"36":0,"37":0,"38":0,"39":0,"40":0,"41":0,"42":0,"43":0,"44":0,"45":0,"46":0,"47":0,"48":0,"49":0,"50":0,"51":0,"52":0,"53":0,"54":0,"55":0,"56":0,"57":0,"58":0,"59":0,"60":0,"61":0,"62":0,"63":0,"64":0,"65":0,"66":0,"67":0,"68":0,"69":0,"70":0,"71":0,"72":0,"73":0,"74":0,"75":0,"76":0,"77":0,"78":0,"79":0,"80":0,"81":0,"82":0,"83":0,"84":0,"85":0,"86":0,"87":0,"88":0,"89":0,"90":0,"91":0,"92":0,"93":0,"94":1,"95":1,"96":0,"97":0,"98":0,"99":0,"100":0,"101":0,"102":0,"103":1,"104":0,"105":1,"106":0,"107":1,"108":0,"109":0,"110":0,"111":0,"112":0,"113":1,"114":0,"115":0,"116":0,"117":0,"118":0,"119":0,"120":0,"121":0,"122":0,"123":0,"124":0,"125":0,"126":0,"127":0,"128":1,"129":0,"130":0,"131":0,"132":0,"133":0,"134":0,"135":1,"136":0,"137":0,"138":0,"139":0,"140":0,"141":0,"142":0,"143":0,"144":0,"145":0,"146":0,"147":0,"148":0,"149":1,"150":0,"151":0,"152":0,"153":0,"154":0,"155":0,"156":0,"157":0,"158":0,"159":0,"160":1,"161":0,"162":0,"163":0,"164":0,"165":0,"166":0,"167":1,"168":0,"169":0,"170":0,"171":0,"172":0,"173":0,"174":0,"175":0,"176":0,"177":0,"178":1,"179":0,"180":0,"181":1,"182":0,"183":0,"184":0,"185":0,"186":0,"187":1,"188":0,"189":0,"190":0,"191":0,"192":0,"193":0,"194":0,"195":0,"196":0,"197":0,"198":0,"199":0,"200":0,"201":1,"202":0,"203":1,"204":0,"205":1,"206":1,"207":1,"208":1,"209":1,"210":1,"211":0,"212":0,"213":0,"214":0,"215":0,"216":1,"217":0,"218":0,"219":0,"220":0,"221":1,"222":0,"223":0,"224":0,"225":0,"226":0,"227":0,"228":0,"229":0,"230":1,"231":0,"232":0,"233":0,"234":0,"235":0,"236":0,"237":1,"238":0,"239":0,"240":0,"241":0,"242":0,"243":0,"244":0,"245":0,"246":1,"247":0,"248":0,"249":0,"250":0,"251":0,"252":0,"253":1,"254":0,"255":0,"256":1,"257":0,"258":1,"259":0,"260":0,"261":0,"262":1,"263":0,"264":0,"265":0,"266":0,"267":0,"268":0,"269":0,"270":1,"271":0,"272":0,"273":0,"274":0,"275":0,"276":0,"277":0,"278":0,"279":0,"280":0,"281":0,"282":0,"283":0,"284":1,"285":0,"286":0,"287":0,"288":0,"289":1,"290":0,"291":0,"292":0,"293":0,"294":0,"295":0,"296":1,"297":0,"298":0,"299":0,"300":0,"301":0,"302":0,"303":0,"304":0,"305":0,"306":0,"307":0,"308":1,"309":0,"310":1,"311":0,"312":1,"313":0,"314":0,"315":0,"316":0,"317":0,"318":0,"319":0,"320":0,"321":0,"322":0,"323":0,"324":0,"325":0,"326":0,"327":0,"328":0,"329":0,"330":0,"331":0,"332":0,"333":0,"334":0,"335":0,"336":0,"337":0,"338":0,"339":0,"340":0,"341":0,"342":0,"343":1,"344":0,"345":1,"346":0,"347":0,"348":0,"349":0,"350":0,"351":0,"352":1,"353":0,"354":0,"355":0,"356":0,"357":0,"358":0,"359":0,"360":0,"361":0,"362":0,"363":0,"364":0,"365":1,"366":0,"367":0,"368":0,"369":1,"370":0,"371":0,"372":1,"373":0,"374":0,"375":0,"376":0,"377":0,"378":0,"379":0,"380":0,"381":0,"382":0,"383":0,"384":0,"385":0,"386":0,"387":0,"388":0,"389":0,"390":0,"391":0,"392":0,"393":1,"394":0,"395":0,"396":0,"397":0,"398":0,"399":1,"400":0,"401":0,"402":0,"403":0,"404":0,"405":0,"406":1,"407":0,"408":0,"409":1,"410":1,"411":0,"412":0,"413":0,"414":0,"415":0,"416":0,"417":1,"418":0,"419":1,"420":0,"421":1,"422":1,"423":1,"424":0,"425":0,"426":0,"427":0,"428":0,"429":0,"430":0,"431":0,"432":0,"433":0,"434":0,"435":0,"436":0,"437":0,"438":1,"439":0,"440":1,"441":0,"442":0,"443":0,"444":0,"445":0,"446":0,"447":0,"448":0,"449":0,"450":1,"451":0,"452":0,"453":0,"454":0,"455":0,"456":0,"457":0,"458":0,"459":0,"460":0,"461":0,"462":0,"463":0,"464":0,"465":0,"466":0,"467":0,"468":1,"469":0,"470":0,"471":0,"472":0,"473":0,"474":0,"475":0,"476":0,"477":0,"478":0,"479":0,"480":1,"481":0,"482":0,"483":0,"484":0,"485":0,"486":0,"487":0,"488":1,"489":0,"490":0,"491":0,"492":0,"493":0,"494":0,"495":1,"496":0,"497":0,"498":0,"499":0,"500":0,"501":1,"502":0},"b":{"1":[0,1],"2":[0,0],"3":[0,0],"4":[0,0],"5":[0,0],"6":[0,0],"7":[0,0],"8":[0,0],"9":[0,0],"10":[0,0],"11":[0,0],"12":[0,0],"13":[0,0],"14":[0,0],"15":[0,0],"16":[0,0],"17":[0,0],"18":[0,0],"19":[0,0],"20":[0,0],"21":[0,0],"22":[0,0],"23":[0,0],"24":[0,0],"25":[0,0],"26":[0,0],"27":[0,0],"28":[0,0],"29":[0,0],"30":[0,0],"31":[0,0],"32":[0,0],"33":[0,0],"34":[0,0],"35":[0,0],"36":[0,0],"37":[0,0],"38":[0,0],"39":[0,0],"40":[0,0],"41":[0,0],"42":[0,0],"43":[0,0,0],"44":[0,0],"45":[0,0],"46":[0,0],"47":[0,0],"48":[0,0],"49":[0,0],"50":[0,0],"51":[0,0],"52":[0,0],"53":[0,0],"54":[0,0],"55":[0,0],"56":[0,0],"57":[0,0],"58":[0,0],"59":[0,0],"60":[0,0],"61":[0,0],"62":[0,0],"63":[0,0],"64":[0,0],"65":[0,0],"66":[0,0],"67":[0,0],"68":[0,0],"69":[0,0],"70":[0,0],"71":[0,0],"72":[0,0],"73":[0,0],"74":[0,0],"75":[0,0],"76":[0,0],"77":[0,0],"78":[0,0],"79":[0,0],"80":[0,0],"81":[0,0],"82":[0,0],"83":[0,0],"84":[0,0],"85":[0,0],"86":[0,0],"87":[0,0],"88":[0,0],"89":[0,0],"90":[0,0],"91":[0,0],"92":[0,0],"93":[0,0],"94":[0,0],"95":[0,0],"96":[0,0],"97":[0,0],"98":[0,0],"99":[0,0],"100":[0,0],"101":[0,0],"102":[0,0],"103":[0,0],"104":[0,0],"105":[0,0],"106":[0,0]},"f":{"1":0,"2":0,"3":0,"4":0,"5":0,"6":0,"7":0,"8":0,"9":0,"10":0,"11":0,"12":0,"13":0,"14":0,"15":0,"16":0,"17":0,"18":0,"19":0,"20":0,"21":0,"22":0,"23":0,"24":0,"25":0,"26":0,"27":0,"28":0,"29":0,"30":0,"31":0,"32":0,"33":0,"34":0,"35":0,"36":0,"37":0,"38":0,"39":0,"40":0,"41":0,"42":0,"43":0,"44":0,"45":0,"46":0,"47":0,"48":0,"49":0,"50":0,"51":0,"52":0,"53":0,"54":0,"55":0,"56":0,"57":0,"58":0,"59":0,"60":0,"61":0,"62":0,"63":0,"64":0,"65":0,"66":0,"67":0,"68":0},"fnMap":{"1":{"name":"Game","line":28,"loc":{"start":{"line":28,"column":0},"end":{"line":28,"column":20}}},"2":{"name":"(anonymous_2)","line":108,"loc":{"start":{"line":108,"column":32},"end":{"line":108,"column":51}}},"3":{"name":"(anonymous_3)","line":124,"loc":{"start":{"line":124,"column":13},"end":{"line":124,"column":24}}},"4":{"name":"(anonymous_4)","line":135,"loc":{"start":{"line":135,"column":31},"end":{"line":135,"column":54}}},"5":{"name":"(anonymous_5)","line":145,"loc":{"start":{"line":145,"column":32},"end":{"line":145,"column":43}}},"6":{"name":"(anonymous_6)","line":149,"loc":{"start":{"line":149,"column":30},"end":{"line":149,"column":41}}},"7":{"name":"(anonymous_7)","line":153,"loc":{"start":{"line":153,"column":30},"end":{"line":153,"column":73}}},"8":{"name":"(anonymous_8)","line":161,"loc":{"start":{"line":161,"column":25},"end":{"line":161,"column":40}}},"9":{"name":"(anonymous_9)","line":174,"loc":{"start":{"line":174,"column":19},"end":{"line":174,"column":30}}},"10":{"name":"(anonymous_10)","line":186,"loc":{"start":{"line":186,"column":28},"end":{"line":186,"column":43}}},"11":{"name":"(anonymous_11)","line":195,"loc":{"start":{"line":195,"column":31},"end":{"line":195,"column":80}}},"12":{"name":"(anonymous_12)","line":218,"loc":{"start":{"line":218,"column":32},"end":{"line":218,"column":46}}},"13":{"name":"(anonymous_13)","line":220,"loc":{"start":{"line":220,"column":24},"end":{"line":220,"column":36}}},"14":{"name":"(anonymous_14)","line":232,"loc":{"start":{"line":232,"column":29},"end":{"line":232,"column":48}}},"15":{"name":"(anonymous_15)","line":239,"loc":{"start":{"line":239,"column":26},"end":{"line":239,"column":45}}},"16":{"name":"(anonymous_16)","line":250,"loc":{"start":{"line":250,"column":26},"end":{"line":250,"column":40}}},"17":{"name":"(anonymous_17)","line":255,"loc":{"start":{"line":255,"column":31},"end":{"line":255,"column":45}}},"18":{"name":"(anonymous_18)","line":263,"loc":{"start":{"line":263,"column":24},"end":{"line":263,"column":54}}},"19":{"name":"(anonymous_19)","line":278,"loc":{"start":{"line":278,"column":32},"end":{"line":278,"column":51}}},"20":{"name":"(anonymous_20)","line":282,"loc":{"start":{"line":282,"column":26},"end":{"line":282,"column":45}}},"21":{"name":"(anonymous_21)","line":310,"loc":{"start":{"line":310,"column":38},"end":{"line":310,"column":53}}},"22":{"name":"(anonymous_22)","line":316,"loc":{"start":{"line":316,"column":42},"end":{"line":316,"column":57}}},"23":{"name":"(anonymous_23)","line":323,"loc":{"start":{"line":323,"column":31},"end":{"line":323,"column":46}}},"24":{"name":"(anonymous_24)","line":337,"loc":{"start":{"line":337,"column":28},"end":{"line":337,"column":43}}},"25":{"name":"(anonymous_25)","line":341,"loc":{"start":{"line":341,"column":16},"end":{"line":341,"column":29}}},"26":{"name":"(anonymous_26)","line":350,"loc":{"start":{"line":350,"column":35},"end":{"line":350,"column":46}}},"27":{"name":"(anonymous_27)","line":361,"loc":{"start":{"line":361,"column":32},"end":{"line":361,"column":43}}},"28":{"name":"(anonymous_28)","line":373,"loc":{"start":{"line":373,"column":25},"end":{"line":373,"column":42}}},"29":{"name":"(anonymous_29)","line":378,"loc":{"start":{"line":378,"column":39},"end":{"line":378,"column":50}}},"30":{"name":"(anonymous_30)","line":390,"loc":{"start":{"line":390,"column":32},"end":{"line":390,"column":43}}},"31":{"name":"(anonymous_31)","line":398,"loc":{"start":{"line":398,"column":28},"end":{"line":398,"column":47}}},"32":{"name":"(anonymous_32)","line":408,"loc":{"start":{"line":408,"column":32},"end":{"line":408,"column":68}}},"33":{"name":"hit","line":412,"loc":{"start":{"line":412,"column":33},"end":{"line":412,"column":77}}},"34":{"name":"(anonymous_34)","line":425,"loc":{"start":{"line":425,"column":26},"end":{"line":425,"column":37}}},"35":{"name":"(anonymous_35)","line":432,"loc":{"start":{"line":432,"column":27},"end":{"line":432,"column":43}}},"36":{"name":"(anonymous_36)","line":443,"loc":{"start":{"line":443,"column":39},"end":{"line":443,"column":54}}},"37":{"name":"(anonymous_37)","line":447,"loc":{"start":{"line":447,"column":20},"end":{"line":447,"column":36}}},"38":{"name":"(anonymous_38)","line":456,"loc":{"start":{"line":456,"column":30},"end":{"line":456,"column":50}}},"39":{"name":"(anonymous_39)","line":462,"loc":{"start":{"line":462,"column":28},"end":{"line":462,"column":39}}},"40":{"name":"(anonymous_40)","line":466,"loc":{"start":{"line":466,"column":30},"end":{"line":466,"column":44}}},"41":{"name":"(anonymous_41)","line":474,"loc":{"start":{"line":474,"column":33},"end":{"line":474,"column":58}}},"42":{"name":"(anonymous_42)","line":477,"loc":{"start":{"line":477,"column":87},"end":{"line":477,"column":106}}},"43":{"name":"(anonymous_43)","line":480,"loc":{"start":{"line":480,"column":38},"end":{"line":480,"column":59}}},"44":{"name":"(anonymous_44)","line":509,"loc":{"start":{"line":509,"column":38},"end":{"line":509,"column":54}}},"45":{"name":"(anonymous_45)","line":513,"loc":{"start":{"line":513,"column":35},"end":{"line":513,"column":46}}},"46":{"name":"showChunkAtIndex","line":515,"loc":{"start":{"line":515,"column":46},"end":{"line":515,"column":84}}},"47":{"name":"(anonymous_47)","line":523,"loc":{"start":{"line":523,"column":35},"end":{"line":523,"column":51}}},"48":{"name":"(anonymous_48)","line":543,"loc":{"start":{"line":543,"column":36},"end":{"line":543,"column":50}}},"49":{"name":"(anonymous_49)","line":549,"loc":{"start":{"line":549,"column":31},"end":{"line":549,"column":42}}},"50":{"name":"(anonymous_50)","line":555,"loc":{"start":{"line":555,"column":27},"end":{"line":555,"column":43}}},"51":{"name":"(anonymous_51)","line":579,"loc":{"start":{"line":579,"column":27},"end":{"line":579,"column":46}}},"52":{"name":"(anonymous_52)","line":587,"loc":{"start":{"line":587,"column":31},"end":{"line":587,"column":53}}},"53":{"name":"(anonymous_53)","line":596,"loc":{"start":{"line":596,"column":32},"end":{"line":596,"column":57}}},"54":{"name":"(anonymous_54)","line":605,"loc":{"start":{"line":605,"column":33},"end":{"line":605,"column":58}}},"55":{"name":"(anonymous_55)","line":617,"loc":{"start":{"line":617,"column":33},"end":{"line":617,"column":44}}},"56":{"name":"(anonymous_56)","line":621,"loc":{"start":{"line":621,"column":24},"end":{"line":621,"column":40}}},"57":{"name":"(anonymous_57)","line":628,"loc":{"start":{"line":628,"column":22},"end":{"line":628,"column":38}}},"58":{"name":"(anonymous_58)","line":647,"loc":{"start":{"line":647,"column":24},"end":{"line":647,"column":40}}},"59":{"name":"(anonymous_59)","line":651,"loc":{"start":{"line":651,"column":33},"end":{"line":651,"column":48}}},"60":{"name":"timer","line":663,"loc":{"start":{"line":663,"column":2},"end":{"line":663,"column":19}}},"61":{"name":"(anonymous_61)","line":685,"loc":{"start":{"line":685,"column":37},"end":{"line":685,"column":52}}},"62":{"name":"(anonymous_62)","line":692,"loc":{"start":{"line":692,"column":43},"end":{"line":692,"column":56}}},"63":{"name":"(anonymous_63)","line":698,"loc":{"start":{"line":698,"column":26},"end":{"line":698,"column":37}}},"64":{"name":"(anonymous_64)","line":704,"loc":{"start":{"line":704,"column":36},"end":{"line":704,"column":51}}},"65":{"name":"(anonymous_65)","line":718,"loc":{"start":{"line":718,"column":32},"end":{"line":718,"column":56}}},"66":{"name":"(anonymous_66)","line":727,"loc":{"start":{"line":727,"column":39},"end":{"line":727,"column":50}}},"67":{"name":"(anonymous_67)","line":729,"loc":{"start":{"line":729,"column":33},"end":{"line":729,"column":52}}},"68":{"name":"(anonymous_68)","line":737,"loc":{"start":{"line":737,"column":25},"end":{"line":737,"column":36}}}},"statementMap":{"1":{"start":{"line":1,"column":0},"end":{"line":1,"column":28}},"2":{"start":{"line":2,"column":0},"end":{"line":2,"column":37}},"3":{"start":{"line":3,"column":0},"end":{"line":3,"column":34}},"4":{"start":{"line":4,"column":0},"end":{"line":4,"column":38}},"5":{"start":{"line":5,"column":0},"end":{"line":5,"column":38}},"6":{"start":{"line":6,"column":0},"end":{"line":6,"column":37}},"7":{"start":{"line":7,"column":0},"end":{"line":7,"column":28}},"8":{"start":{"line":8,"column":0},"end":{"line":8,"column":34}},"9":{"start":{"line":9,"column":0},"end":{"line":9,"column":40}},"10":{"start":{"line":10,"column":0},"end":{"line":10,"column":34}},"11":{"start":{"line":11,"column":0},"end":{"line":11,"column":26}},"12":{"start":{"line":12,"column":0},"end":{"line":12,"column":49}},"13":{"start":{"line":13,"column":0},"end":{"line":13,"column":55}},"14":{"start":{"line":13,"column":21},"end":{"line":13,"column":55}},"15":{"start":{"line":14,"column":0},"end":{"line":14,"column":42}},"16":{"start":{"line":15,"column":0},"end":{"line":15,"column":46}},"17":{"start":{"line":16,"column":0},"end":{"line":16,"column":29}},"18":{"start":{"line":17,"column":0},"end":{"line":17,"column":35}},"19":{"start":{"line":18,"column":0},"end":{"line":18,"column":26}},"20":{"start":{"line":19,"column":0},"end":{"line":19,"column":51}},"21":{"start":{"line":20,"column":0},"end":{"line":20,"column":49}},"22":{"start":{"line":21,"column":0},"end":{"line":21,"column":31}},"23":{"start":{"line":22,"column":0},"end":{"line":22,"column":40}},"24":{"start":{"line":23,"column":0},"end":{"line":23,"column":27}},"25":{"start":{"line":24,"column":0},"end":{"line":24,"column":26}},"26":{"start":{"line":26,"column":0},"end":{"line":26,"column":21}},"27":{"start":{"line":28,"column":0},"end":{"line":129,"column":1}},"28":{"start":{"line":29,"column":2},"end":{"line":29,"column":52}},"29":{"start":{"line":29,"column":31},"end":{"line":29,"column":52}},"30":{"start":{"line":30,"column":2},"end":{"line":30,"column":17}},"31":{"start":{"line":31,"column":2},"end":{"line":31,"column":22}},"32":{"start":{"line":31,"column":13},"end":{"line":31,"column":22}},"33":{"start":{"line":32,"column":2},"end":{"line":32,"column":54}},"34":{"start":{"line":32,"column":48},"end":{"line":32,"column":54}},"35":{"start":{"line":35,"column":2},"end":{"line":35,"column":101}},"36":{"start":{"line":37,"column":2},"end":{"line":37,"column":61}},"37":{"start":{"line":37,"column":35},"end":{"line":37,"column":61}},"38":{"start":{"line":38,"column":2},"end":{"line":38,"column":43}},"39":{"start":{"line":39,"column":2},"end":{"line":39,"column":37}},"40":{"start":{"line":40,"column":2},"end":{"line":40,"column":34}},"41":{"start":{"line":41,"column":2},"end":{"line":41,"column":26}},"42":{"start":{"line":42,"column":2},"end":{"line":42,"column":20}},"43":{"start":{"line":43,"column":2},"end":{"line":43,"column":22}},"44":{"start":{"line":44,"column":2},"end":{"line":44,"column":26}},"45":{"start":{"line":45,"column":2},"end":{"line":45,"column":47}},"46":{"start":{"line":46,"column":2},"end":{"line":46,"column":19}},"47":{"start":{"line":47,"column":2},"end":{"line":47,"column":39}},"48":{"start":{"line":51,"column":2},"end":{"line":51,"column":46}},"49":{"start":{"line":52,"column":2},"end":{"line":52,"column":69}},"50":{"start":{"line":54,"column":2},"end":{"line":54,"column":43}},"51":{"start":{"line":55,"column":2},"end":{"line":55,"column":33}},"52":{"start":{"line":56,"column":2},"end":{"line":56,"column":47}},"53":{"start":{"line":57,"column":2},"end":{"line":57,"column":48}},"54":{"start":{"line":58,"column":2},"end":{"line":58,"column":51}},"55":{"start":{"line":59,"column":2},"end":{"line":59,"column":68}},"56":{"start":{"line":60,"column":2},"end":{"line":60,"column":49}},"57":{"start":{"line":61,"column":2},"end":{"line":61,"column":17}},"58":{"start":{"line":62,"column":2},"end":{"line":62,"column":27}},"59":{"start":{"line":63,"column":2},"end":{"line":63,"column":32}},"60":{"start":{"line":64,"column":2},"end":{"line":69,"column":4}},"61":{"start":{"line":70,"column":2},"end":{"line":70,"column":35}},"62":{"start":{"line":71,"column":2},"end":{"line":71,"column":37}},"63":{"start":{"line":72,"column":2},"end":{"line":72,"column":54}},"64":{"start":{"line":72,"column":28},"end":{"line":72,"column":54}},"65":{"start":{"line":74,"column":2},"end":{"line":74,"column":37}},"66":{"start":{"line":75,"column":2},"end":{"line":75,"column":116}},"67":{"start":{"line":75,"column":25},"end":{"line":75,"column":116}},"68":{"start":{"line":77,"column":2},"end":{"line":82,"column":3}},"69":{"start":{"line":84,"column":2},"end":{"line":84,"column":57}},"70":{"start":{"line":85,"column":2},"end":{"line":85,"column":21}},"71":{"start":{"line":87,"column":2},"end":{"line":87,"column":40}},"72":{"start":{"line":88,"column":2},"end":{"line":88,"column":86}},"73":{"start":{"line":89,"column":2},"end":{"line":89,"column":50}},"74":{"start":{"line":90,"column":2},"end":{"line":90,"column":63}},"75":{"start":{"line":91,"column":2},"end":{"line":91,"column":35}},"76":{"start":{"line":94,"column":2},"end":{"line":94,"column":29}},"77":{"start":{"line":96,"column":2},"end":{"line":96,"column":25}},"78":{"start":{"line":98,"column":2},"end":{"line":104,"column":4}},"79":{"start":{"line":106,"column":2},"end":{"line":106,"column":91}},"80":{"start":{"line":108,"column":2},"end":{"line":110,"column":4}},"81":{"start":{"line":109,"column":4},"end":{"line":109,"column":26}},"82":{"start":{"line":112,"column":2},"end":{"line":112,"column":60}},"83":{"start":{"line":112,"column":21},"end":{"line":112,"column":60}},"84":{"start":{"line":114,"column":2},"end":{"line":114,"column":55}},"85":{"start":{"line":114,"column":27},"end":{"line":114,"column":55}},"86":{"start":{"line":117,"column":2},"end":{"line":117,"column":28}},"87":{"start":{"line":117,"column":22},"end":{"line":117,"column":28}},"88":{"start":{"line":119,"column":2},"end":{"line":119,"column":20}},"89":{"start":{"line":120,"column":2},"end":{"line":120,"column":32}},"90":{"start":{"line":122,"column":2},"end":{"line":122,"column":22}},"91":{"start":{"line":124,"column":2},"end":{"line":126,"column":10}},"92":{"start":{"line":125,"column":4},"end":{"line":125,"column":97}},"93":{"start":{"line":128,"column":2},"end":{"line":128,"column":31}},"94":{"start":{"line":131,"column":0},"end":{"line":131,"column":28}},"95":{"start":{"line":135,"column":0},"end":{"line":143,"column":1}},"96":{"start":{"line":136,"column":2},"end":{"line":136,"column":20}},"97":{"start":{"line":137,"column":2},"end":{"line":137,"column":22}},"98":{"start":{"line":138,"column":2},"end":{"line":138,"column":12}},"99":{"start":{"line":139,"column":2},"end":{"line":139,"column":16}},"100":{"start":{"line":140,"column":2},"end":{"line":140,"column":16}},"101":{"start":{"line":141,"column":2},"end":{"line":141,"column":16}},"102":{"start":{"line":142,"column":2},"end":{"line":142,"column":10}},"103":{"start":{"line":145,"column":0},"end":{"line":147,"column":1}},"104":{"start":{"line":146,"column":2},"end":{"line":146,"column":35}},"105":{"start":{"line":149,"column":0},"end":{"line":151,"column":1}},"106":{"start":{"line":150,"column":2},"end":{"line":150,"column":33}},"107":{"start":{"line":153,"column":0},"end":{"line":159,"column":1}},"108":{"start":{"line":154,"column":2},"end":{"line":154,"column":33}},"109":{"start":{"line":155,"column":2},"end":{"line":155,"column":40}},"110":{"start":{"line":156,"column":2},"end":{"line":156,"column":103}},"111":{"start":{"line":157,"column":2},"end":{"line":157,"column":39}},"112":{"start":{"line":158,"column":2},"end":{"line":158,"column":12}},"113":{"start":{"line":161,"column":0},"end":{"line":184,"column":1}},"114":{"start":{"line":162,"column":2},"end":{"line":179,"column":3}},"115":{"start":{"line":163,"column":4},"end":{"line":167,"column":5}},"116":{"start":{"line":169,"column":4},"end":{"line":172,"column":5}},"117":{"start":{"line":170,"column":6},"end":{"line":170,"column":42}},"118":{"start":{"line":171,"column":6},"end":{"line":171,"column":37}},"119":{"start":{"line":174,"column":4},"end":{"line":174,"column":49}},"120":{"start":{"line":174,"column":32},"end":{"line":174,"column":48}},"121":{"start":{"line":175,"column":4},"end":{"line":175,"column":28}},"122":{"start":{"line":176,"column":4},"end":{"line":176,"column":48}},"123":{"start":{"line":178,"column":4},"end":{"line":178,"column":18}},"124":{"start":{"line":181,"column":2},"end":{"line":181,"column":23}},"125":{"start":{"line":182,"column":2},"end":{"line":182,"column":42}},"126":{"start":{"line":182,"column":17},"end":{"line":182,"column":42}},"127":{"start":{"line":183,"column":2},"end":{"line":183,"column":42}},"128":{"start":{"line":186,"column":0},"end":{"line":191,"column":1}},"129":{"start":{"line":187,"column":2},"end":{"line":187,"column":35}},"130":{"start":{"line":188,"column":2},"end":{"line":188,"column":20}},"131":{"start":{"line":188,"column":14},"end":{"line":188,"column":20}},"132":{"start":{"line":189,"column":2},"end":{"line":189,"column":26}},"133":{"start":{"line":190,"column":2},"end":{"line":190,"column":45}},"134":{"start":{"line":190,"column":17},"end":{"line":190,"column":45}},"135":{"start":{"line":194,"column":0},"end":{"line":216,"column":1}},"136":{"start":{"line":196,"column":2},"end":{"line":196,"column":87}},"137":{"start":{"line":196,"column":14},"end":{"line":196,"column":87}},"138":{"start":{"line":198,"column":2},"end":{"line":198,"column":27}},"139":{"start":{"line":199,"column":2},"end":{"line":199,"column":29}},"140":{"start":{"line":200,"column":2},"end":{"line":200,"column":41}},"141":{"start":{"line":201,"column":2},"end":{"line":201,"column":43}},"142":{"start":{"line":202,"column":2},"end":{"line":202,"column":104}},"143":{"start":{"line":203,"column":2},"end":{"line":203,"column":33}},"144":{"start":{"line":203,"column":21},"end":{"line":203,"column":33}},"145":{"start":{"line":204,"column":2},"end":{"line":204,"column":34}},"146":{"start":{"line":205,"column":2},"end":{"line":205,"column":53}},"147":{"start":{"line":206,"column":2},"end":{"line":206,"column":56}},"148":{"start":{"line":208,"column":2},"end":{"line":215,"column":3}},"149":{"start":{"line":218,"column":0},"end":{"line":230,"column":1}},"150":{"start":{"line":219,"column":2},"end":{"line":219,"column":44}},"151":{"start":{"line":220,"column":2},"end":{"line":220,"column":61}},"152":{"start":{"line":220,"column":38},"end":{"line":220,"column":59}},"153":{"start":{"line":221,"column":2},"end":{"line":221,"column":37}},"154":{"start":{"line":223,"column":2},"end":{"line":227,"column":3}},"155":{"start":{"line":224,"column":4},"end":{"line":224,"column":28}},"156":{"start":{"line":225,"column":4},"end":{"line":225,"column":87}},"157":{"start":{"line":226,"column":4},"end":{"line":226,"column":34}},"158":{"start":{"line":226,"column":22},"end":{"line":226,"column":34}},"159":{"start":{"line":229,"column":2},"end":{"line":229,"column":13}},"160":{"start":{"line":232,"column":0},"end":{"line":237,"column":1}},"161":{"start":{"line":233,"column":2},"end":{"line":233,"column":61}},"162":{"start":{"line":233,"column":31},"end":{"line":233,"column":61}},"163":{"start":{"line":234,"column":2},"end":{"line":234,"column":45}},"164":{"start":{"line":234,"column":33},"end":{"line":234,"column":45}},"165":{"start":{"line":235,"column":2},"end":{"line":235,"column":25}},"166":{"start":{"line":236,"column":2},"end":{"line":236,"column":13}},"167":{"start":{"line":239,"column":0},"end":{"line":248,"column":1}},"168":{"start":{"line":240,"column":2},"end":{"line":240,"column":61}},"169":{"start":{"line":240,"column":31},"end":{"line":240,"column":61}},"170":{"start":{"line":241,"column":2},"end":{"line":241,"column":49}},"171":{"start":{"line":242,"column":2},"end":{"line":242,"column":42}},"172":{"start":{"line":243,"column":2},"end":{"line":243,"column":45}},"173":{"start":{"line":244,"column":2},"end":{"line":244,"column":20}},"174":{"start":{"line":244,"column":14},"end":{"line":244,"column":20}},"175":{"start":{"line":245,"column":2},"end":{"line":245,"column":34}},"176":{"start":{"line":246,"column":2},"end":{"line":246,"column":50}},"177":{"start":{"line":247,"column":2},"end":{"line":247,"column":38}},"178":{"start":{"line":250,"column":0},"end":{"line":253,"column":1}},"179":{"start":{"line":251,"column":2},"end":{"line":251,"column":44}},"180":{"start":{"line":252,"column":2},"end":{"line":252,"column":41}},"181":{"start":{"line":255,"column":0},"end":{"line":261,"column":1}},"182":{"start":{"line":256,"column":2},"end":{"line":256,"column":44}},"183":{"start":{"line":257,"column":2},"end":{"line":257,"column":29}},"184":{"start":{"line":258,"column":2},"end":{"line":258,"column":29}},"185":{"start":{"line":259,"column":2},"end":{"line":259,"column":29}},"186":{"start":{"line":260,"column":2},"end":{"line":260,"column":21}},"187":{"start":{"line":263,"column":0},"end":{"line":275,"column":1}},"188":{"start":{"line":264,"column":2},"end":{"line":264,"column":23}},"189":{"start":{"line":265,"column":2},"end":{"line":265,"column":45}},"190":{"start":{"line":266,"column":2},"end":{"line":266,"column":64}},"191":{"start":{"line":266,"column":17},"end":{"line":266,"column":64}},"192":{"start":{"line":267,"column":2},"end":{"line":267,"column":11}},"193":{"start":{"line":268,"column":2},"end":{"line":273,"column":3}},"194":{"start":{"line":269,"column":2},"end":{"line":273,"column":3}},"195":{"start":{"line":270,"column":2},"end":{"line":273,"column":3}},"196":{"start":{"line":271,"column":4},"end":{"line":272,"column":59}},"197":{"start":{"line":271,"column":18},"end":{"line":271,"column":38}},"198":{"start":{"line":272,"column":9},"end":{"line":272,"column":59}},"199":{"start":{"line":274,"column":2},"end":{"line":274,"column":49}},"200":{"start":{"line":274,"column":17},"end":{"line":274,"column":49}},"201":{"start":{"line":278,"column":0},"end":{"line":280,"column":1}},"202":{"start":{"line":279,"column":2},"end":{"line":279,"column":37}},"203":{"start":{"line":282,"column":0},"end":{"line":284,"column":1}},"204":{"start":{"line":283,"column":2},"end":{"line":283,"column":29}},"205":{"start":{"line":288,"column":0},"end":{"line":288,"column":43}},"206":{"start":{"line":289,"column":0},"end":{"line":289,"column":29}},"207":{"start":{"line":290,"column":0},"end":{"line":290,"column":29}},"208":{"start":{"line":291,"column":0},"end":{"line":291,"column":49}},"209":{"start":{"line":293,"column":0},"end":{"line":307,"column":1}},"210":{"start":{"line":310,"column":0},"end":{"line":314,"column":1}},"211":{"start":{"line":311,"column":2},"end":{"line":311,"column":25}},"212":{"start":{"line":311,"column":13},"end":{"line":311,"column":25}},"213":{"start":{"line":312,"column":2},"end":{"line":312,"column":46}},"214":{"start":{"line":312,"column":32},"end":{"line":312,"column":46}},"215":{"start":{"line":313,"column":2},"end":{"line":313,"column":36}},"216":{"start":{"line":316,"column":0},"end":{"line":321,"column":1}},"217":{"start":{"line":317,"column":2},"end":{"line":317,"column":32}},"218":{"start":{"line":318,"column":2},"end":{"line":318,"column":46}},"219":{"start":{"line":319,"column":2},"end":{"line":319,"column":27}},"220":{"start":{"line":320,"column":2},"end":{"line":320,"column":36}},"221":{"start":{"line":323,"column":0},"end":{"line":335,"column":1}},"222":{"start":{"line":324,"column":2},"end":{"line":324,"column":53}},"223":{"start":{"line":324,"column":22},"end":{"line":324,"column":53}},"224":{"start":{"line":325,"column":2},"end":{"line":329,"column":3}},"225":{"start":{"line":326,"column":4},"end":{"line":326,"column":45}},"226":{"start":{"line":328,"column":4},"end":{"line":328,"column":72}},"227":{"start":{"line":330,"column":2},"end":{"line":334,"column":3}},"228":{"start":{"line":331,"column":4},"end":{"line":331,"column":43}},"229":{"start":{"line":333,"column":4},"end":{"line":333,"column":70}},"230":{"start":{"line":337,"column":0},"end":{"line":348,"column":1}},"231":{"start":{"line":338,"column":2},"end":{"line":338,"column":17}},"232":{"start":{"line":339,"column":2},"end":{"line":346,"column":3}},"233":{"start":{"line":340,"column":4},"end":{"line":344,"column":5}},"234":{"start":{"line":342,"column":8},"end":{"line":342,"column":48}},"235":{"start":{"line":345,"column":4},"end":{"line":345,"column":15}},"236":{"start":{
[...]
":0,"333":0,"337":1,"338":0,"339":0,"340":0,"342":0,"345":0,"347":0,"350":1,"351":0,"352":0,"353":0,"354":0,"355":0,"356":0,"357":0,"358":0,"361":1,"362":0,"363":0,"364":0,"365":0,"366":0,"368":0,"373":1,"374":0,"375":0,"378":1,"379":0,"390":1,"391":0,"392":0,"395":0,"398":1,"399":0,"400":0,"401":0,"402":0,"403":0,"404":0,"405":0,"408":1,"409":0,"410":0,"411":0,"412":0,"413":0,"414":0,"415":0,"416":0,"417":0,"418":0,"419":0,"425":1,"426":0,"427":0,"428":0,"429":0,"432":1,"433":0,"434":0,"435":0,"436":0,"437":0,"438":0,"443":1,"444":0,"445":0,"446":0,"447":0,"448":0,"451":0,"453":0,"454":0,"456":0,"457":0,"462":1,"463":0,"466":1,"467":0,"474":1,"475":0,"476":0,"477":0,"478":0,"480":0,"481":0,"482":0,"483":0,"484":0,"485":0,"486":0,"487":0,"488":0,"489":0,"490":0,"491":0,"493":0,"494":0,"495":0,"497":0,"498":0,"499":0,"500":0,"501":0,"503":0,"504":0,"506":0,"509":1,"510":0,"513":1,"514":0,"515":0,"516":0,"517":0,"518":0,"520":0,"523":1,"524":0,"526":0,"527":0,"529":0,"530":0,"533":0,"534":0,"535":0,"537":0,"540":0,"543":1,"544":0,"545":0,"546":0,"549":1,"550":0,"551":0,"555":1,"556":0,"557":0,"558":0,"559":0,"560":0,"561":0,"562":0,"563":0,"565":0,"566":0,"567":0,"568":0,"569":0,"571":0,"572":0,"573":0,"574":0,"579":1,"580":0,"581":0,"582":0,"583":0,"584":0,"587":1,"588":0,"589":0,"590":0,"591":0,"592":0,"593":0,"596":1,"597":0,"598":0,"601":1,"605":1,"606":0,"608":0,"609":0,"610":0,"613":0,"614":0,"617":1,"618":0,"621":1,"622":0,"625":1,"626":1,"628":1,"629":0,"630":0,"633":0,"635":0,"636":0,"638":0,"640":0,"642":0,"643":0,"644":0,"647":1,"648":0,"651":1,"652":0,"653":0,"654":0,"655":0,"656":0,"657":0,"659":0,"660":0,"661":0,"663":1,"664":0,"665":0,"666":0,"667":0,"669":0,"670":0,"671":0,"672":0,"673":0,"674":0,"675":0,"676":0,"678":0,"679":0,"681":0,"685":1,"686":0,"688":0,"690":0,"692":0,"693":0,"694":0,"695":0,"697":0,"698":0,"699":0,"704":1,"706":0,"707":0,"708":0,"709":0,"710":0,"711":0,"715":0,"718":1,"719":0,"720":0,"721":0,"722":0,"723":0,"724":0,"727":1,"728":0,"729":0,"730":0,"732":0,"733":0,"737":1,"738":0}},"/home/travis/build/npmtest/node-npmtest-voxel-engine/node_modules/voxel-engine/lib/stats.js":{"path":"/home/travis/build/npmtest/node-npmtest-voxel-engine/node_modules/voxel-engine/lib/stats.js","s":{"1":1,"2":0,"3":0,"4":0,"5":0,"6":0,"7":0,"8":0,"9":0,"10":0,"11":0,"12":0,"13":0,"14":0,"15":0,"16":0,"17":0,"18":0,"19":0,"20":0,"21":0,"22":0,"23":0,"24":0,"25":0,"26":0,"27":0,"28":0,"29":0,"30":0,"31":0,"32":0,"33":0,"34":0,"35":0,"36":0,"37":0,"38":0,"39":0,"40":0,"41":0,"42":0,"43":0,"44":0,"45":0,"46":0,"47":0,"48":0,"49":0,"50":0,"51":0,"52":0,"53":0,"54":0,"55":0,"56":0,"57":0,"58":0,"59":0,"60":0,"61":0,"62":0,"63":0,"64":0,"65":0,"66":0,"67":0,"68":0,"69":0,"70":0,"71":0,"72":0,"73":0,"74":0,"75":0,"76":0,"77":1},"b":{"1":[0,0],"2":[0,0]},"f":{"1":0,"2":0,"3":0,"4":0,"5":0,"6":0,"7":0},"fnMap":{"1":{"name":"(anonymous_1)","line":5,"loc":{"start":{"line":5,"column":12},"end":{"line":5,"column":24}}},"2":{"name":"(anonymous_2)","line":14,"loc":{"start":{"line":14,"column":42},"end":{"line":14,"column":61}}},"3":{"name":"(anonymous_3)","line":65,"loc":{"start":{"line":65,"column":15},"end":{"line":65,"column":34}}},"4":{"name":"(anonymous_4)","line":83,"loc":{"start":{"line":83,"column":19},"end":{"line":83,"column":43}}},"5":{"name":"(anonymous_5)","line":98,"loc":{"start":{"line":98,"column":9},"end":{"line":98,"column":21}}},"6":{"name":"(anonymous_6)","line":104,"loc":{"start":{"line":104,"column":7},"end":{"line":104,"column":19}}},"7":{"name":"(anonymous_7)","line":135,"loc":{"start":{"line":135,"column":10},"end":{"line":135,"column":22}}}},"statementMap":{"1":{"start":{"line":5,"column":0},"end":{"line":143,"column":2}},"2":{"start":{"line":7,"column":1},"end":{"line":7,"column":50}},"3":{"start":{"line":8,"column":1},"end":{"line":8,"column":41}},"4":{"start":{"line":9,"column":1},"end":{"line":9,"column":44}},"5":{"start":{"line":10,"column":1},"end":{"line":10,"column":26}},"6":{"start":{"line":12,"column":1},"end":{"line":12,"column":49}},"7":{"start":{"line":13,"column":1},"end":{"line":13,"column":24}},"8":{"start":{"line":14,"column":1},"end":{"line":14,"column":121}},"9":{"start":{"line":14,"column":63},"end":{"line":14,"column":86}},"10":{"start":{"line":14,"column":87},"end":{"line":14,"column":110}},"11":{"start":{"line":15,"column":1},"end":{"line":15,"column":67}},"12":{"start":{"line":17,"column":1},"end":{"line":17,"column":46}},"13":{"start":{"line":18,"column":1},"end":{"line":18,"column":19}},"14":{"start":{"line":19,"column":1},"end":{"line":19,"column":84}},"15":{"start":{"line":20,"column":1},"end":{"line":20,"column":33}},"16":{"start":{"line":22,"column":1},"end":{"line":22,"column":47}},"17":{"start":{"line":23,"column":1},"end":{"line":23,"column":24}},"18":{"start":{"line":24,"column":1},"end":{"line":24,"column":125}},"19":{"start":{"line":25,"column":1},"end":{"line":25,"column":27}},"20":{"start":{"line":26,"column":1},"end":{"line":26,"column":31}},"21":{"start":{"line":28,"column":1},"end":{"line":28,"column":48}},"22":{"start":{"line":29,"column":1},"end":{"line":29,"column":26}},"23":{"start":{"line":30,"column":1},"end":{"line":30,"column":91}},"24":{"start":{"line":31,"column":1},"end":{"line":31,"column":32}},"25":{"start":{"line":33,"column":1},"end":{"line":39,"column":2}},"26":{"start":{"line":35,"column":2},"end":{"line":35,"column":45}},"27":{"start":{"line":36,"column":2},"end":{"line":36,"column":79}},"28":{"start":{"line":37,"column":2},"end":{"line":37,"column":30}},"29":{"start":{"line":41,"column":1},"end":{"line":41,"column":45}},"30":{"start":{"line":42,"column":1},"end":{"line":42,"column":17}},"31":{"start":{"line":43,"column":1},"end":{"line":43,"column":96}},"32":{"start":{"line":44,"column":1},"end":{"line":44,"column":32}},"33":{"start":{"line":46,"column":1},"end":{"line":46,"column":46}},"34":{"start":{"line":47,"column":1},"end":{"line":47,"column":22}},"35":{"start":{"line":48,"column":1},"end":{"line":48,"column":124}},"36":{"start":{"line":49,"column":1},"end":{"line":49,"column":25}},"37":{"start":{"line":50,"column":1},"end":{"line":50,"column":29}},"38":{"start":{"line":52,"column":1},"end":{"line":52,"column":47}},"39":{"start":{"line":53,"column":1},"end":{"line":53,"column":24}},"40":{"start":{"line":54,"column":1},"end":{"line":54,"column":90}},"41":{"start":{"line":55,"column":1},"end":{"line":55,"column":30}},"42":{"start":{"line":57,"column":1},"end":{"line":63,"column":2}},"43":{"start":{"line":59,"column":2},"end":{"line":59,"column":45}},"44":{"start":{"line":60,"column":2},"end":{"line":60,"column":79}},"45":{"start":{"line":61,"column":2},"end":{"line":61,"column":29}},"46":{"start":{"line":65,"column":1},"end":{"line":81,"column":2}},"47":{"start":{"line":67,"column":2},"end":{"line":67,"column":15}},"48":{"start":{"line":69,"column":2},"end":{"line":79,"column":3}},"49":{"start":{"line":72,"column":4},"end":{"line":72,"column":35}},"50":{"start":{"line":73,"column":4},"end":{"line":73,"column":33}},"51":{"start":{"line":74,"column":4},"end":{"line":74,"column":10}},"52":{"start":{"line":76,"column":4},"end":{"line":76,"column":34}},"53":{"start":{"line":77,"column":4},"end":{"line":77,"column":34}},"54":{"start":{"line":78,"column":4},"end":{"line":78,"column":10}},"55":{"start":{"line":83,"column":1},"end":{"line":88,"column":2}},"56":{"start":{"line":85,"column":2},"end":{"line":85,"column":48}},"57":{"start":{"line":86,"column":2},"end":{"line":86,"column":36}},"58":{"start":{"line":90,"column":1},"end":{"line":141,"column":2}},"59":{"start":{"line":100,"column":3},"end":{"line":100,"column":26}},"60":{"start":{"line":106,"column":3},"end":{"line":106,"column":25}},"61":{"start":{"line":108,"column":3},"end":{"line":108,"column":25}},"62":{"start":{"line":109,"column":3},"end":{"line":109,"column":33}},"63":{"start":{"line":110,"column":3},"end":{"line":110,"column":33}},"64":{"start":{"line":112,"column":3},"end":{"line":112,"column":65}},"65":{"start":{"line":113,"column":3},"end":{"line":113,"column":66}},"66":{"start":{"line":115,"column":3},"end":{"line":115,"column":13}},"67":{"start":{"line":117,"column":3},"end":{"line":129,"column":4}},"68":{"start":{"line":119,"column":4},"end":{"line":119,"column":64}},"69":{"start":{"line":120,"column":4},"end":{"line":120,"column":37}},"70":{"start":{"line":121,"column":4},"end":{"line":121,"column":37}},"71":{"start":{"line":123,"column":4},"end":{"line":123,"column":71}},"72":{"start":{"line":124,"column":4},"end":{"line":124,"column":69}},"73":{"start":{"line":126,"column":4},"end":{"line":126,"column":20}},"74":{"start":{"line":127,"column":4},"end":{"line":127,"column":15}},"75":{"start":{"line":131,"column":3},"end":{"line":131,"column":15}},"76":{"start":{"line":137,"column":3},"end":{"line":137,"column":26}},"77":{"start":{"line":145,"column":0},"end":{"line":145,"column":22}}},"branchMap":{"1":{"line":69,"type":"switch","locations":[{"start":{"line":71,"column":3},"end":{"line":74,"column":10}},{"start":{"line":75,"column":3},"end":{"line":78,"column":10}}]},"2":{"line":117,"type":"if","locations":[{"start":{"line":117,"column":3},"end":{"line":117,"column":3}},{"start":{"line":117,"column":3},"end":{"line":117,"column":3}}]}},"code":["/**"," * @author mrdoob / http://mrdoob.com/"," */","","var Stats = function () {","","\tvar startTime = Date.now(), prevTime = startTime;","\tvar ms = 0, msMin = Infinity, msMax = 0;","\tvar fps = 0, fpsMin = Infinity, fpsMax = 0;","\tvar frames = 0, mode = 0;","","\tvar container = document.createElement( 'div' );","\tcontainer.id = 'stats';","\tcontainer.addEventListener( 'mousedown', function ( event ) { event.preventDefault(); setMode( ++ mode % 2 ) }, false );","\tcontainer.style.cssText = 'width:80px;opacity:0.9;cursor:pointer';","","\tvar fpsDiv = document.createElement( 'div' );","\tfpsDiv.id = 'fps';","\tfpsDiv.style.cssText = 'padding:0 0 3px 3px;text-align:left;background-color:#002';","\tcontainer.appendChild( fpsDiv );","","\tvar fpsText = document.createElement( 'div' );","\tfpsText.id = 'fpsText';","\tfpsText.style.cssText = 'color:#0ff;font-family:Helvetica,Arial,sans-serif;font-size:9px;font-weight:bold;line-height:15px';","\tfpsText.innerHTML = 'FPS';","\tfpsDiv.appendChild( fpsText );","","\tvar fpsGraph = document.createElement( 'div' );","\tfpsGraph.id = 'fpsGraph';","\tfpsGraph.style.cssText = 'position:relative;width:74px;height:30px;background-color:#0ff';","\tfpsDiv.appendChild( fpsGraph );","","\twhile ( fpsGraph.children.length < 74 ) {","","\t\tvar bar = document.createElement( 'span' );","\t\tbar.style.cssText = 'width:1px;height:30px;float:left;background-color:#113';","\t\tfpsGraph.appendChild( bar );","","\t}","","\tvar msDiv = document.createElement( 'div' );","\tmsDiv.id = 'ms';","\tmsDiv.style.cssText = 'padding:0 0 3px 3px;text-align:left;background-color:#020;display:none';","\tcontainer.appendChild( msDiv );","","\tvar msText = document.createElement( 'div' );","\tmsText.id = 'msText';","\tmsText.style.cssText = 'color:#0f0;font-family:Helvetica,Arial,sans-serif;font-size:9px;font-weight:bold;line-height:15px';","\tmsText.innerHTML = 'MS';","\tmsDiv.appendChild( msText );","","\tvar msGraph = document.createElement( 'div' );","\tmsGraph.id = 'msGraph';","\tmsGraph.style.cssText = 'position:relative;width:74px;height:30px;background-color:#0f0';","\tmsDiv.appendChild( msGraph );","","\twhile ( msGraph.children.length < 74 ) {","","\t\tvar bar = document.createElement( 'span' );","\t\tbar.style.cssText = 'width:1px;height:30px;float:left;background-color:#131';","\t\tmsGraph.appendChild( bar );","","\t}","","\tvar setMode = function ( value ) {","","\t\tmode = value;","","\t\tswitch ( mode ) {","","\t\t\tcase 0:","\t\t\t\tfpsDiv.style.display = 'block';","\t\t\t\tmsDiv.style.display = 'none';","\t\t\t\tbreak;","\t\t\tcase 1:","\t\t\t\tfpsDiv.style.display = 'none';","\t\t\t\tmsDiv.style.display = 'block';","\t\t\t\tbreak;","\t\t}","","\t}","","\tvar updateGraph = function ( dom, value ) {","","\t\tvar child = dom.appendChild( dom.firstChild );","\t\tchild.style.height = value + 'px';","","\t}","","\treturn {","","\t\tREVISION: 11,","","\t\tdomElement: container,","","\t\tsetMode: setMode,","","\t\tbegin: function () {","","\t\t\tstartTime = Date.now();","","\t\t},","","\t\tend: function () {","","\t\t\tvar time = Date.now();","","\t\t\tms = time - startTime;","\t\t\tmsMin = Math.min( msMin, ms );","\t\t\tmsMax = Math.max( msMax, ms );","","\t\t\tmsText.textContent = ms + ' MS (' + msMin + '-' + msMax + ')';","\t\t\tupdateGraph( msGraph, Math.min( 30, 30 - ( ms / 200 ) * 30 ) );","","\t\t\tframes ++;","","\t\t\tif ( time > prevTime + 1000 ) {","","\t\t\t\tfps = Math.round( ( frames * 1000 ) / ( time - prevTime ) );","\t\t\t\tfpsMin = Math.min( fpsMin, fps );","\t\t\t\tfpsMax = Math.max( fpsMax, fps );","","\t\t\t\tfpsText.textContent = fps + ' FPS (' + fpsMin + '-' + fpsMax + ')';","\t\t\t\tupdateGraph( fpsGraph, Math.min( 30, 30 - ( fps / 100 ) * 30 ) );","","\t\t\t\tprevTime = time;","\t\t\t\tframes = 0;","","\t\t\t}","","\t\t\treturn time;","","\t\t},","","\t\tupdate: function () {","","\t\t\tstartTime = this.end();","","\t\t}","","\t}","","};","","module.exports = Stats"],"l":{"5":1,"7":0,"8":0,"9":0,"10":0,"12":0,"13":0,"14":0,"15":0,"17":0,"18":0,"19":0,"20":0,"22":0,"23":0,"24":0,"25":0,"26":0,"28":0,"29":0,"30":0,"31":0,"33":0,"35":0,"36":0,"37":0,"41":0,"42":0,"43":0,"44":0,"46":0,"47":0,"48":0,"49":0,"50":0,"52":0,"53":0,"54":0,"55":0,"57":0,"59":0,"60":0,"61":0,"65":0,"67":0,"69":0,"72":0,"73":0,"74":0,"76":0,"77":0,"78":0,"83":0,"85":0,"86":0,"90":0,"100":0,"106":0,"108":0,"109":0,"110":0,"112":0,"113":0,"115":0,"117":0,"119":0,"120":0,"121":0,"123":0,"124":0,"126":0,"127":0,"131":0,"137":0,"145":1}},"/home/travis/build/npmtest/node-npmtest-voxel-engine/node_modules/voxel-engine/lib/detector.js":{"path":"/home/travis/build/npmtest/node-npmtest-voxel-engine/node_modules/voxel-engine/lib/detector.js","s":{"1":1,"2":0,"3":0,"4":0,"5":0,"6":0,"7":0,"8":0,"9":0,"10":0,"11":0,"12":0,"13":0,"14":0,"15":0,"16":0,"17":0,"18":0,"19":0,"20":0,"21":0,"22":0,"23":0,"24":0},"b":{"1":[0,0],"2":[0,0,0,0],"3":[0,0],"4":[0,0],"5":[0,0],"6":[0,0],"7":[0,0]},"f":{"1":0,"2":0,"3":0,"4":0},"fnMap":{"1":{"name":"(anonymous_1)","line":6,"loc":{"start":{"line":6,"column":17},"end":{"line":6,"column":28}}},"2":{"name":"(anonymous_2)","line":9,"loc":{"start":{"line":9,"column":13},"end":{"line":9,"column":25}}},"3":{"name":"(anonymous_3)","line":13,"loc":{"start":{"line":13,"column":26},"end":{"line":13,"column":38}}},"4":{"name":"(anonymous_4)","line":42,"loc":{"start":{"line":42,"column":24},"end":{"line":42,"column":48}}}},"statementMap":{"1":{"start":{"line":6,"column":0},"end":{"line":59,"column":1}},"2":{"start":{"line":7,"column":2},"end":{"line":58,"column":4}},"3":{"start":{"line":9,"column":27},"end":{"line":9,"column":179}},"4":{"start":{"line":9,"column":33},"end":{"line":9,"column":148}},"5":{"start":{"line":9,"column":164},"end":{"line":9,"column":177}},"6":{"start":{"line":15,"column":4},"end":{"line":15,"column":53}},"7":{"start":{"line":17,"column":4},"end":{"line":17,"column":46}},"8":{"start":{"line":18,"column":4},"end":{"line":18,"column":39}},"9":{"start":{"line":19,"column":4},"end":{"line":19,"column":42}},"10":{"start":{"line":20,"column":4},"end":{"line":20,"column":41}},"11":{"start":{"line":21,"column":4},"end":{"line":21,"column":36}},"12":{"start":{"line":22,"column":4},"end":{"line":22,"column":37}},"13":{"start":{"line":23,"column":4},"end":{"line":23,"column":37}},"14":{"start":{"line":24,"column":4},"end":{"line":24,"column":43}},"15":{"start":{"line":26,"column":4},"end":{"line":36,"column":5}},"16":{"start":{"line":28,"column":5},"end":{"line":34,"column":20}},"17":{"start":{"line":38,"column":4},"end":{"line":38,"column":22}},"18":{"start":{"line":44,"column":4},"end":{"line":44,"column":31}},"19":{"start":{"line":46,"column":4},"end":{"line":46,"column":34}},"20":{"start":{"line":48,"column":4},"end":{"line":48,"column":81}},"21":{"start":{"line":49,"column":4},"end":{"line":49,"column":63}},"22":{"start":{"line":51,"column":4},"end":{"line":51,"column":49}},"23":{"start":{"line":52,"column":4},"end":{"line":52,"column":23}},"24":{"start":{"line":54,"column":4},"end":{"line":54,"column":37}}},"branchMap":{"1":{"line":9,"type":"binary-expr","locations":[{"start":{"line":9,"column":40},"end":{"line":9,"column":71}},{"start":{"line":9,"column":75},"end":{"line":9,"column":147}}]},"2":{"line":11,"type":"binary-expr","locations":[{"start":{"line":11,"column":13},"end":{"line":11,"column":24}},{"start":{"line":11,"column":28},"end":{"line":11,"column":45}},{"start":{"line":11,"column":49},"end":{"line":11,"column":64}},{"start":{"line":11,"column":68},"end":{"line":11,"column":79}}]},"3":{"line":26,"type":"if","locations":[{"start":{"line":26,"column":4},"end":{"line":26,"column":4}},{"start":{"line":26,"column":4},"end":{"line":26,"column":4}}]},"4":{"line":28,"type":"cond-expr","locations":[{"start":{"line":28,"column":59},"end":{"line":31,"column":19}},{"start":{"line":31,"column":22},"end":{"line":34,"column":19}}]},"5":{"line":46,"type":"binary-expr","locations":[{"start":{"line":46,"column":17},"end":{"line":46,"column":27}},{"start":{"line":46,"column":31},"end":{"line":46,"column":33}}]},"6":{"line":48,"type":"cond-expr","locations":[{"start":{"line":48,"column":47},"end":{"line":48,"column":64}},{"start":{"line":48,"column":67},"end":{"line":48,"column":80}}]},"7":{"line":49,"type":"cond-expr","locations":[{"start":{"line":49,"column":39},"end":{"line":49,"column":52}},{"start":{"line":49,"column":55},"end":{"line":49,"column":62}}]}},"code":["/**"," * @author alteredq / http://alteredqualia.com/"," * @author mr.doob / http://mrdoob.com/"," */","","module.exports = function() {","  return {","  \tcanvas : !! window.CanvasRenderingContext2D,","  \twebgl : ( function () { try { return !! window.WebGLRenderingContext && !! document.createElement( 'canvas' ).getContext( 'experimental-webgl' ); } catch( e ) { return false; } } )(),","  \tworkers : !! window.Worker,","  \tfileapi : window.File && window.FileReader && window.FileList && window.Blob,","","  \tgetWebGLErrorMessage : function () {","","  \t\tvar domElement = document.createElement( 'div' );","","  \t\tdomElement.style.fontFamily = 'monospace';","  \t\tdomElement.style.fontSize = '13px';","  \t\tdomElement.style.textAlign = 'center';","  \t\tdomElement.style.background = '#eee';","  \t\tdomElement.style.color = '#000';","  \t\tdomElement.style.padding = '1em';","  \t\tdomElement.style.width = '475px';","  \t\tdomElement.style.margin = '5em auto 0';","","  \t\tif ( ! this.webgl ) {","","  \t\t\tdomElement.innerHTML = window.WebGLRenderingContext ? [","  \t\t\t\t'Your graphics card does not seem to support <a href=\"http://khronos.org/webgl/wiki/Getting_a_WebGL_Implementation\">WebGL</a>.<br />',","  \t\t\t\t'Find out how to get it <a href=\"http://get.webgl.org/\">here</a>.'","  \t\t\t].join( '\\n' ) : [","  \t\t\t\t'Your browser does not seem to support <a href=\"http://khronos.org/webgl/wiki/Getting_a_WebGL_Implementation\">WebGL</a>.<br/>',","  \t\t\t\t'Find out how to get it <a href=\"http://get.webgl.org/\">here</a>.'","  \t\t\t].join( '\\n' );","","  \t\t}","","  \t\treturn domElement;","","  \t},","","  \taddGetWebGLMessage : function ( parameters ) {","","  \t\tvar parent, id, domElement;","","  \t\tparameters = parameters || {};","","  \t\tparent = parameters.parent !== undefined ? parameters.parent : document.body;","  \t\tid = parameters.id !== undefined ? parameters.id : 'oldie';","","  \t\tdomElement = Detector.getWebGLErrorMessage();","  \t\tdomElement.id = id;","","  \t\tparent.appendChild( domElement );","","  \t}","","  };","}",""],"l":{"6":1,"7":0,"9":0,"15":0,"17":0,"18":0,"19":0,"20":0,"21":0,"22":0,"23":0,"24":0,"26":0,"28":0,"38":0,"44":0,"46":0,"48":0,"49":0,"51":0,"52":0,"54":0}}}